;  LST file generated by mikroListExporter - v.2.0 
; Date/Time: 08/07/2018 11:59:00
;----------------------------------------------

;Address Opcode 	ASM
0x0000	0xF003EF40  	GOTO        1664
0x0004	0x0000      	NOP
0x0006	0x0000      	NOP
0x0008	0xF000EF00  	GOTO        0
0x000C	0x0000      	NOP
0x000E	0x0000      	NOP
0x0010	0x0000      	NOP
0x0012	0x0000      	NOP
0x0014	0x0000      	NOP
0x0016	0x0000      	NOP
0x0018	0xD7F3      	BRA         0
_Delay_5500us:
;__Lib_Delays.c,31 :: 		void Delay_5500us() {
;__Lib_Delays.c,32 :: 		Delay_us(5500);
0x001C	0x0E0F      	MOVLW       15
0x001E	0x6E0C      	MOVWF       R12, 0
0x0020	0x0E47      	MOVLW       71
0x0022	0x6E0D      	MOVWF       R13, 0
L_Delay_5500us5:
0x0024	0x2E0D      	DECFSZ      R13, 1, 0
0x0026	0xD7FE      	BRA         L_Delay_5500us5
0x0028	0x2E0C      	DECFSZ      R12, 1, 0
0x002A	0xD7FC      	BRA         L_Delay_5500us5
0x002C	0x0000      	NOP
0x002E	0x0000      	NOP
;__Lib_Delays.c,33 :: 		}
L_end_Delay_5500us:
0x0030	0x0012      	RETURN      0
; end of _Delay_5500us
_Delay_1us:
;__Lib_Delays.c,7 :: 		void Delay_1us() {
;__Lib_Delays.c,8 :: 		Delay_us(1);
0x0032	0x0000      	NOP
0x0034	0x0000      	NOP
;__Lib_Delays.c,9 :: 		}
L_end_Delay_1us:
0x0036	0x0012      	RETURN      0
; end of _Delay_1us
_Delay_50us:
;__Lib_Delays.c,19 :: 		void Delay_50us() {
;__Lib_Delays.c,20 :: 		Delay_us(50);
0x0038	0x0E21      	MOVLW       33
0x003A	0x6E0D      	MOVWF       R13, 0
L_Delay_50us2:
0x003C	0x2E0D      	DECFSZ      R13, 1, 0
0x003E	0xD7FE      	BRA         L_Delay_50us2
;__Lib_Delays.c,21 :: 		}
L_end_Delay_50us:
0x0040	0x0012      	RETURN      0
; end of _Delay_50us
_Lcd_Cmd:
;__Lib_Lcd.c,18 :: 		
;__Lib_Lcd.c,20 :: 		
0x0042	0x0100      	MOVLB       0
0x0044	0xBFC9      	BTFSC       FARG_Lcd_Cmd_out_char, 7, 1
0x0046	0xD002      	BRA         L__Lcd_Cmd21
0x0048	0x9E83      	BCF         LCD_D7, BitPos(LCD_D7+0) 
0x004A	0xD001      	BRA         L__Lcd_Cmd22
L__Lcd_Cmd21:
0x004C	0x8E83      	BSF         LCD_D7, BitPos(LCD_D7+0) 
L__Lcd_Cmd22:
;__Lib_Lcd.c,21 :: 		
0x004E	0xBDC9      	BTFSC       FARG_Lcd_Cmd_out_char, 6, 1
0x0050	0xD002      	BRA         L__Lcd_Cmd23
0x0052	0x9C83      	BCF         LCD_D6, BitPos(LCD_D6+0) 
0x0054	0xD001      	BRA         L__Lcd_Cmd24
L__Lcd_Cmd23:
0x0056	0x8C83      	BSF         LCD_D6, BitPos(LCD_D6+0) 
L__Lcd_Cmd24:
;__Lib_Lcd.c,22 :: 		
0x0058	0xBBC9      	BTFSC       FARG_Lcd_Cmd_out_char, 5, 1
0x005A	0xD002      	BRA         L__Lcd_Cmd25
0x005C	0x9A83      	BCF         LCD_D5, BitPos(LCD_D5+0) 
0x005E	0xD001      	BRA         L__Lcd_Cmd26
L__Lcd_Cmd25:
0x0060	0x8A83      	BSF         LCD_D5, BitPos(LCD_D5+0) 
L__Lcd_Cmd26:
;__Lib_Lcd.c,23 :: 		
0x0062	0xB9C9      	BTFSC       FARG_Lcd_Cmd_out_char, 4, 1
0x0064	0xD002      	BRA         L__Lcd_Cmd27
0x0066	0x9883      	BCF         LCD_D4, BitPos(LCD_D4+0) 
0x0068	0xD001      	BRA         L__Lcd_Cmd28
L__Lcd_Cmd27:
0x006A	0x8883      	BSF         LCD_D4, BitPos(LCD_D4+0) 
L__Lcd_Cmd28:
;__Lib_Lcd.c,25 :: 		
0x006C	0xB1A5      	BTFSC       __Lib_Lcd_cmd_status, BitPos(__Lib_Lcd_cmd_status+0), 1
0x006E	0xD002      	BRA         L__Lcd_Cmd29
0x0070	0x8484      	BSF         LCD_RS, BitPos(LCD_RS+0) 
0x0072	0xD001      	BRA         L__Lcd_Cmd30
L__Lcd_Cmd29:
0x0074	0x9484      	BCF         LCD_RS, BitPos(LCD_RS+0) 
L__Lcd_Cmd30:
;__Lib_Lcd.c,28 :: 		
0x0076	0x8284      	BSF         LCD_EN, BitPos(LCD_EN+0) 
;__Lib_Lcd.c,29 :: 		
0x0078	0xDFDC      	RCALL       _Delay_1us
;__Lib_Lcd.c,30 :: 		
0x007A	0x9284      	BCF         LCD_EN, BitPos(LCD_EN+0) 
;__Lib_Lcd.c,33 :: 		
0x007C	0xB7C9      	BTFSC       FARG_Lcd_Cmd_out_char, 3, 1
0x007E	0xD002      	BRA         L__Lcd_Cmd31
0x0080	0x9E83      	BCF         LCD_D7, BitPos(LCD_D7+0) 
0x0082	0xD001      	BRA         L__Lcd_Cmd32
L__Lcd_Cmd31:
0x0084	0x8E83      	BSF         LCD_D7, BitPos(LCD_D7+0) 
L__Lcd_Cmd32:
;__Lib_Lcd.c,34 :: 		
0x0086	0xB5C9      	BTFSC       FARG_Lcd_Cmd_out_char, 2, 1
0x0088	0xD002      	BRA         L__Lcd_Cmd33
0x008A	0x9C83      	BCF         LCD_D6, BitPos(LCD_D6+0) 
0x008C	0xD001      	BRA         L__Lcd_Cmd34
L__Lcd_Cmd33:
0x008E	0x8C83      	BSF         LCD_D6, BitPos(LCD_D6+0) 
L__Lcd_Cmd34:
;__Lib_Lcd.c,35 :: 		
0x0090	0xB3C9      	BTFSC       FARG_Lcd_Cmd_out_char, 1, 1
0x0092	0xD002      	BRA         L__Lcd_Cmd35
0x0094	0x9A83      	BCF         LCD_D5, BitPos(LCD_D5+0) 
0x0096	0xD001      	BRA         L__Lcd_Cmd36
L__Lcd_Cmd35:
0x0098	0x8A83      	BSF         LCD_D5, BitPos(LCD_D5+0) 
L__Lcd_Cmd36:
;__Lib_Lcd.c,36 :: 		
0x009A	0xB1C9      	BTFSC       FARG_Lcd_Cmd_out_char, 0, 1
0x009C	0xD002      	BRA         L__Lcd_Cmd37
0x009E	0x9883      	BCF         LCD_D4, BitPos(LCD_D4+0) 
0x00A0	0xD001      	BRA         L__Lcd_Cmd38
L__Lcd_Cmd37:
0x00A2	0x8883      	BSF         LCD_D4, BitPos(LCD_D4+0) 
L__Lcd_Cmd38:
;__Lib_Lcd.c,38 :: 		
0x00A4	0xB1A5      	BTFSC       __Lib_Lcd_cmd_status, BitPos(__Lib_Lcd_cmd_status+0), 1
0x00A6	0xD002      	BRA         L__Lcd_Cmd39
0x00A8	0x8484      	BSF         LCD_RS, BitPos(LCD_RS+0) 
0x00AA	0xD001      	BRA         L__Lcd_Cmd40
L__Lcd_Cmd39:
0x00AC	0x9484      	BCF         LCD_RS, BitPos(LCD_RS+0) 
L__Lcd_Cmd40:
;__Lib_Lcd.c,40 :: 		
0x00AE	0x8284      	BSF         LCD_EN, BitPos(LCD_EN+0) 
;__Lib_Lcd.c,41 :: 		
0x00B0	0xDFC0      	RCALL       _Delay_1us
;__Lib_Lcd.c,42 :: 		
0x00B2	0x9284      	BCF         LCD_EN, BitPos(LCD_EN+0) 
;__Lib_Lcd.c,44 :: 		
0x00B4	0xA1A5      	BTFSS       __Lib_Lcd_cmd_status, BitPos(__Lib_Lcd_cmd_status+0), 1
0x00B6	0xD002      	BRA         L_Lcd_Cmd0
;__Lib_Lcd.c,45 :: 		
0x00B8	0xDFB1      	RCALL       _Delay_5500us
0x00BA	0xD001      	BRA         L_Lcd_Cmd1
L_Lcd_Cmd0:
;__Lib_Lcd.c,47 :: 		
0x00BC	0xDFBD      	RCALL       _Delay_50us
L_Lcd_Cmd1:
;__Lib_Lcd.c,48 :: 		
L_end_Lcd_Cmd:
0x00BE	0x0012      	RETURN      0
; end of _Lcd_Cmd
_Lcd_Chr_CP:
;__Lib_Lcd.c,50 :: 		
;__Lib_Lcd.c,52 :: 		
0x00C0	0x0100      	MOVLB       0
0x00C2	0x91A5      	BCF         __Lib_Lcd_cmd_status, BitPos(__Lib_Lcd_cmd_status+0), 1
;__Lib_Lcd.c,53 :: 		
0x00C4	0xF0C9C0C8  	MOVFF       FARG_Lcd_Chr_CP_out_char, FARG_Lcd_Cmd_out_char
0x00C8	0xDFBC      	RCALL       _Lcd_Cmd
;__Lib_Lcd.c,54 :: 		
0x00CA	0x81A5      	BSF         __Lib_Lcd_cmd_status, BitPos(__Lib_Lcd_cmd_status+0), 1
;__Lib_Lcd.c,55 :: 		
L_end_Lcd_Chr_CP:
0x00CC	0x0012      	RETURN      0
; end of _Lcd_Chr_CP
_Lcd_Out:
;__Lib_Lcd.c,184 :: 		
;__Lib_Lcd.c,187 :: 		
0x00CE	0xD010      	BRA         L_Lcd_Out11
;__Lib_Lcd.c,188 :: 		
L_Lcd_Out13:
0x00D0	0x0E80      	MOVLW       128
0x00D2	0x0100      	MOVLB       0
0x00D4	0x6FC3      	MOVWF       FARG_Lcd_Out_row, 1
0x00D6	0xD01A      	BRA         L_Lcd_Out12
;__Lib_Lcd.c,189 :: 		
L_Lcd_Out14:
0x00D8	0x0EC0      	MOVLW       192
0x00DA	0x6FC3      	MOVWF       FARG_Lcd_Out_row, 1
0x00DC	0xD017      	BRA         L_Lcd_Out12
;__Lib_Lcd.c,190 :: 		
L_Lcd_Out15:
0x00DE	0x0E94      	MOVLW       148
0x00E0	0x6FC3      	MOVWF       FARG_Lcd_Out_row, 1
0x00E2	0xD014      	BRA         L_Lcd_Out12
;__Lib_Lcd.c,191 :: 		
L_Lcd_Out16:
0x00E4	0x0ED4      	MOVLW       212
0x00E6	0x6FC3      	MOVWF       FARG_Lcd_Out_row, 1
0x00E8	0xD011      	BRA         L_Lcd_Out12
;__Lib_Lcd.c,192 :: 		
L_Lcd_Out17:
0x00EA	0x0E80      	MOVLW       128
0x00EC	0x6FC3      	MOVWF       FARG_Lcd_Out_row, 1
;__Lib_Lcd.c,193 :: 		
0x00EE	0xD00E      	BRA         L_Lcd_Out12
L_Lcd_Out11:
0x00F0	0x0100      	MOVLB       0
0x00F2	0x51C3      	MOVF        FARG_Lcd_Out_row, 0, 1
0x00F4	0x0A01      	XORLW       1
0x00F6	0xE0EC      	BZ          L_Lcd_Out13
0x00F8	0x51C3      	MOVF        FARG_Lcd_Out_row, 0, 1
0x00FA	0x0A02      	XORLW       2
0x00FC	0xE0ED      	BZ          L_Lcd_Out14
0x00FE	0x51C3      	MOVF        FARG_Lcd_Out_row, 0, 1
0x0100	0x0A03      	XORLW       3
0x0102	0xE0ED      	BZ          L_Lcd_Out15
0x0104	0x51C3      	MOVF        FARG_Lcd_Out_row, 0, 1
0x0106	0x0A04      	XORLW       4
0x0108	0xE0ED      	BZ          L_Lcd_Out16
0x010A	0xD7EF      	BRA         L_Lcd_Out17
L_Lcd_Out12:
;__Lib_Lcd.c,194 :: 		
0x010C	0x05C4      	DECF        FARG_Lcd_Out_column, 0, 1
0x010E	0x6E00      	MOVWF       R0 
0x0110	0x51C3      	MOVF        FARG_Lcd_Out_row, 0, 1
0x0112	0x2600      	ADDWF       R0, 1 
0x0114	0xF0C3C000  	MOVFF       R0, FARG_Lcd_Out_row
;__Lib_Lcd.c,196 :: 		
0x0118	0xF0C9C000  	MOVFF       R0, FARG_Lcd_Cmd_out_char
0x011C	0xDF92      	RCALL       _Lcd_Cmd
;__Lib_Lcd.c,197 :: 		
0x011E	0x91A5      	BCF         __Lib_Lcd_cmd_status, BitPos(__Lib_Lcd_cmd_status+0), 1
;__Lib_Lcd.c,198 :: 		
0x0120	0x6BC7      	CLRF        Lcd_Out_i_L0, 1
;__Lib_Lcd.c,199 :: 		
L_Lcd_Out18:
0x0122	0x51C7      	MOVF        Lcd_Out_i_L0, 0, 1
0x0124	0x25C5      	ADDWF       FARG_Lcd_Out_text, 0, 1
0x0126	0x6EE9      	MOVWF       FSR0L 
0x0128	0x0E00      	MOVLW       0
0x012A	0x21C6      	ADDWFC      FARG_Lcd_Out_text+1, 0, 1
0x012C	0x6EEA      	MOVWF       FSR0H 
0x012E	0x52EE      	MOVF        POSTINC0, 1 
0x0130	0xE00B      	BZ          L_Lcd_Out19
;__Lib_Lcd.c,200 :: 		
0x0132	0x51C7      	MOVF        Lcd_Out_i_L0, 0, 1
0x0134	0x25C5      	ADDWF       FARG_Lcd_Out_text, 0, 1
0x0136	0x6EE9      	MOVWF       FSR0L 
0x0138	0x0E00      	MOVLW       0
0x013A	0x21C6      	ADDWFC      FARG_Lcd_Out_text+1, 0, 1
0x013C	0x6EEA      	MOVWF       FSR0H 
0x013E	0xF0C8CFEE  	MOVFF       POSTINC0, FARG_Lcd_Chr_CP_out_char
0x0142	0xDFBE      	RCALL       _Lcd_Chr_CP
0x0144	0x2BC7      	INCF        Lcd_Out_i_L0, 1, 1
0x0146	0xD7ED      	BRA         L_Lcd_Out18
L_Lcd_Out19:
;__Lib_Lcd.c,201 :: 		
0x0148	0x81A5      	BSF         __Lib_Lcd_cmd_status, BitPos(__Lib_Lcd_cmd_status+0), 1
;__Lib_Lcd.c,202 :: 		
L_end_Lcd_Out:
0x014A	0x0012      	RETURN      0
; end of _Lcd_Out
_Lcd_Out_CP:
;__Lib_Lcd.c,57 :: 		
;__Lib_Lcd.c,59 :: 		
0x014C	0x0100      	MOVLB       0
0x014E	0x6BC5      	CLRF        Lcd_Out_CP_i_L0, 1
;__Lib_Lcd.c,60 :: 		
L_Lcd_Out_CP2:
0x0150	0x51C5      	MOVF        Lcd_Out_CP_i_L0, 0, 1
0x0152	0x25C3      	ADDWF       FARG_Lcd_Out_CP_text, 0, 1
0x0154	0x6EE9      	MOVWF       FSR0L 
0x0156	0x0E00      	MOVLW       0
0x0158	0x21C4      	ADDWFC      FARG_Lcd_Out_CP_text+1, 0, 1
0x015A	0x6EEA      	MOVWF       FSR0H 
0x015C	0x52EE      	MOVF        POSTINC0, 1 
0x015E	0xE00B      	BZ          L_Lcd_Out_CP3
;__Lib_Lcd.c,61 :: 		
0x0160	0x51C5      	MOVF        Lcd_Out_CP_i_L0, 0, 1
0x0162	0x25C3      	ADDWF       FARG_Lcd_Out_CP_text, 0, 1
0x0164	0x6EE9      	MOVWF       FSR0L 
0x0166	0x0E00      	MOVLW       0
0x0168	0x21C4      	ADDWFC      FARG_Lcd_Out_CP_text+1, 0, 1
0x016A	0x6EEA      	MOVWF       FSR0H 
0x016C	0xF0C8CFEE  	MOVFF       POSTINC0, FARG_Lcd_Chr_CP_out_char
0x0170	0xDFA7      	RCALL       _Lcd_Chr_CP
0x0172	0x2BC5      	INCF        Lcd_Out_CP_i_L0, 1, 1
;__Lib_Lcd.c,62 :: 		
0x0174	0xD7ED      	BRA         L_Lcd_Out_CP2
L_Lcd_Out_CP3:
;__Lib_Lcd.c,63 :: 		
L_end_Lcd_Out_CP:
0x0176	0x0012      	RETURN      0
; end of _Lcd_Out_CP
_UART1_Write:
;__Lib_UART_c67.c,58 :: 		
;__Lib_UART_c67.c,59 :: 		
L_UART1_Write3:
0x0178	0xB2AC      	BTFSC       TXSTA, 1 
0x017A	0xD002      	BRA         L_UART1_Write4
;__Lib_UART_c67.c,60 :: 		
0x017C	0x0000      	NOP
0x017E	0xD7FC      	BRA         L_UART1_Write3
L_UART1_Write4:
;__Lib_UART_c67.c,61 :: 		
0x0180	0xFFADC0C2  	MOVFF       FARG_UART1_Write_data_, TXREG
;__Lib_UART_c67.c,62 :: 		
L_end_UART1_Write:
0x0184	0x0012      	RETURN      0
; end of _UART1_Write
_SwitchCase:
;Projeto2_SE.c,47 :: 		int SwitchCase()
;Projeto2_SE.c,49 :: 		switch ( uiValor )
0x0186	0xD0B0      	BRA         L_SwitchCase0
;Projeto2_SE.c,51 :: 		case 1 :
L_SwitchCase2:
;Projeto2_SE.c,53 :: 		return 1;
0x0188	0x0E01      	MOVLW       1
0x018A	0x6E00      	MOVWF       R0 
0x018C	0x0E00      	MOVLW       0
0x018E	0x6E01      	MOVWF       R1 
0x0190	0xD0FC      	BRA         L_end_SwitchCase
;Projeto2_SE.c,56 :: 		case 2 :
L_SwitchCase3:
;Projeto2_SE.c,58 :: 		return 2;
0x0192	0x0E02      	MOVLW       2
0x0194	0x6E00      	MOVWF       R0 
0x0196	0x0E00      	MOVLW       0
0x0198	0x6E01      	MOVWF       R1 
0x019A	0xD0F7      	BRA         L_end_SwitchCase
;Projeto2_SE.c,61 :: 		case 3 :
L_SwitchCase4:
;Projeto2_SE.c,62 :: 		Lcd_Out(1,10,"         ");
0x019C	0x0E01      	MOVLW       1
0x019E	0x0100      	MOVLB       0
0x01A0	0x6FC3      	MOVWF       FARG_Lcd_Out_row, 1
0x01A2	0x0E0A      	MOVLW       10
0x01A4	0x6FC4      	MOVWF       FARG_Lcd_Out_column, 1
0x01A6	0x0E4D      	MOVLW       ?lstr1_Projeto2_SE
0x01A8	0x6FC5      	MOVWF       FARG_Lcd_Out_text, 1
0x01AA	0x0E00      	MOVLW       hi_addr(?lstr1_Projeto2_SE)
0x01AC	0x6FC6      	MOVWF       FARG_Lcd_Out_text+1, 1
0x01AE	0xDF8F      	RCALL       _Lcd_Out
;Projeto2_SE.c,63 :: 		Lcd_Out(1,10,"Left");
0x01B0	0x0E01      	MOVLW       1
0x01B2	0x6FC3      	MOVWF       FARG_Lcd_Out_row, 1
0x01B4	0x0E0A      	MOVLW       10
0x01B6	0x6FC4      	MOVWF       FARG_Lcd_Out_column, 1
0x01B8	0x0E57      	MOVLW       ?lstr2_Projeto2_SE
0x01BA	0x6FC5      	MOVWF       FARG_Lcd_Out_text, 1
0x01BC	0x0E00      	MOVLW       hi_addr(?lstr2_Projeto2_SE)
0x01BE	0x6FC6      	MOVWF       FARG_Lcd_Out_text+1, 1
0x01C0	0xDF86      	RCALL       _Lcd_Out
;Projeto2_SE.c,64 :: 		Lcd_Out_Cp("     ");
0x01C2	0x0E6B      	MOVLW       ?lstr3_Projeto2_SE
0x01C4	0x6FC3      	MOVWF       FARG_Lcd_Out_CP_text, 1
0x01C6	0x0E00      	MOVLW       hi_addr(?lstr3_Projeto2_SE)
0x01C8	0x6FC4      	MOVWF       FARG_Lcd_Out_CP_text+1, 1
0x01CA	0xDFC0      	RCALL       _Lcd_Out_CP
;Projeto2_SE.c,65 :: 		return 3;
0x01CC	0x0E03      	MOVLW       3
0x01CE	0x6E00      	MOVWF       R0 
0x01D0	0x0E00      	MOVLW       0
0x01D2	0x6E01      	MOVWF       R1 
0x01D4	0xD0DA      	BRA         L_end_SwitchCase
;Projeto2_SE.c,68 :: 		case 4 :
L_SwitchCase5:
;Projeto2_SE.c,70 :: 		return 4;
0x01D6	0x0E04      	MOVLW       4
0x01D8	0x6E00      	MOVWF       R0 
0x01DA	0x0E00      	MOVLW       0
0x01DC	0x6E01      	MOVWF       R1 
0x01DE	0xD0D5      	BRA         L_end_SwitchCase
;Projeto2_SE.c,73 :: 		case 5 :
L_SwitchCase6:
;Projeto2_SE.c,75 :: 		return 5;
0x01E0	0x0E05      	MOVLW       5
0x01E2	0x6E00      	MOVWF       R0 
0x01E4	0x0E00      	MOVLW       0
0x01E6	0x6E01      	MOVWF       R1 
0x01E8	0xD0D0      	BRA         L_end_SwitchCase
;Projeto2_SE.c,78 :: 		case 6 :
L_SwitchCase7:
;Projeto2_SE.c,79 :: 		Lcd_Out(1,10,"         ");
0x01EA	0x0E01      	MOVLW       1
0x01EC	0x6FC3      	MOVWF       FARG_Lcd_Out_row, 1
0x01EE	0x0E0A      	MOVLW       10
0x01F0	0x6FC4      	MOVWF       FARG_Lcd_Out_column, 1
0x01F2	0x0E61      	MOVLW       ?lstr4_Projeto2_SE
0x01F4	0x6FC5      	MOVWF       FARG_Lcd_Out_text, 1
0x01F6	0x0E00      	MOVLW       hi_addr(?lstr4_Projeto2_SE)
0x01F8	0x6FC6      	MOVWF       FARG_Lcd_Out_text+1, 1
0x01FA	0xDF69      	RCALL       _Lcd_Out
;Projeto2_SE.c,80 :: 		Lcd_Out(1,10,"Down");
0x01FC	0x0E01      	MOVLW       1
0x01FE	0x6FC3      	MOVWF       FARG_Lcd_Out_row, 1
0x0200	0x0E0A      	MOVLW       10
0x0202	0x6FC4      	MOVWF       FARG_Lcd_Out_column, 1
0x0204	0x0E5C      	MOVLW       ?lstr5_Projeto2_SE
0x0206	0x6FC5      	MOVWF       FARG_Lcd_Out_text, 1
0x0208	0x0E00      	MOVLW       hi_addr(?lstr5_Projeto2_SE)
0x020A	0x6FC6      	MOVWF       FARG_Lcd_Out_text+1, 1
0x020C	0xDF60      	RCALL       _Lcd_Out
;Projeto2_SE.c,81 :: 		Lcd_Out_Cp("     ");
0x020E	0x0E47      	MOVLW       ?lstr6_Projeto2_SE
0x0210	0x6FC3      	MOVWF       FARG_Lcd_Out_CP_text, 1
0x0212	0x0E00      	MOVLW       hi_addr(?lstr6_Projeto2_SE)
0x0214	0x6FC4      	MOVWF       FARG_Lcd_Out_CP_text+1, 1
0x0216	0xDF9A      	RCALL       _Lcd_Out_CP
;Projeto2_SE.c,82 :: 		return 6;
0x0218	0x0E06      	MOVLW       6
0x021A	0x6E00      	MOVWF       R0 
0x021C	0x0E00      	MOVLW       0
0x021E	0x6E01      	MOVWF       R1 
0x0220	0xD0B4      	BRA         L_end_SwitchCase
;Projeto2_SE.c,85 :: 		case 7 :
L_SwitchCase8:
;Projeto2_SE.c,86 :: 		Lcd_Out(1,10,"         ");
0x0222	0x0E01      	MOVLW       1
0x0224	0x6FC3      	MOVWF       FARG_Lcd_Out_row, 1
0x0226	0x0E0A      	MOVLW       10
0x0228	0x6FC4      	MOVWF       FARG_Lcd_Out_column, 1
0x022A	0x0E20      	MOVLW       ?lstr7_Projeto2_SE
0x022C	0x6FC5      	MOVWF       FARG_Lcd_Out_text, 1
0x022E	0x0E00      	MOVLW       hi_addr(?lstr7_Projeto2_SE)
0x0230	0x6FC6      	MOVWF       FARG_Lcd_Out_text+1, 1
0x0232	0xDF4D      	RCALL       _Lcd_Out
;Projeto2_SE.c,87 :: 		Lcd_Out(1,10,"Stop");
0x0234	0x0E01      	MOVLW       1
0x0236	0x6FC3      	MOVWF       FARG_Lcd_Out_row, 1
0x0238	0x0E0A      	MOVLW       10
0x023A	0x6FC4      	MOVWF       FARG_Lcd_Out_column, 1
0x023C	0x0E1B      	MOVLW       ?lstr8_Projeto2_SE
0x023E	0x6FC5      	MOVWF       FARG_Lcd_Out_text, 1
0x0240	0x0E00      	MOVLW       hi_addr(?lstr8_Projeto2_SE)
0x0242	0x6FC6      	MOVWF       FARG_Lcd_Out_text+1, 1
0x0244	0xDF44      	RCALL       _Lcd_Out
;Projeto2_SE.c,88 :: 		Lcd_Out_Cp("     ");
0x0246	0x0E15      	MOVLW       ?lstr9_Projeto2_SE
0x0248	0x6FC3      	MOVWF       FARG_Lcd_Out_CP_text, 1
0x024A	0x0E00      	MOVLW       hi_addr(?lstr9_Projeto2_SE)
0x024C	0x6FC4      	MOVWF       FARG_Lcd_Out_CP_text+1, 1
0x024E	0xDF7E      	RCALL       _Lcd_Out_CP
;Projeto2_SE.c,89 :: 		return 7;
0x0250	0x0E07      	MOVLW       7
0x0252	0x6E00      	MOVWF       R0 
0x0254	0x0E00      	MOVLW       0
0x0256	0x6E01      	MOVWF       R1 
0x0258	0xD098      	BRA         L_end_SwitchCase
;Projeto2_SE.c,92 :: 		case 8 :
L_SwitchCase9:
;Projeto2_SE.c,93 :: 		Lcd_Out(1,10,"         ");
0x025A	0x0E01      	MOVLW       1
0x025C	0x6FC3      	MOVWF       FARG_Lcd_Out_row, 1
0x025E	0x0E0A      	MOVLW       10
0x0260	0x6FC4      	MOVWF       FARG_Lcd_Out_column, 1
0x0262	0x0E2A      	MOVLW       ?lstr10_Projeto2_SE
0x0264	0x6FC5      	MOVWF       FARG_Lcd_Out_text, 1
0x0266	0x0E00      	MOVLW       hi_addr(?lstr10_Projeto2_SE)
0x0268	0x6FC6      	MOVWF       FARG_Lcd_Out_text+1, 1
0x026A	0xDF31      	RCALL       _Lcd_Out
;Projeto2_SE.c,94 :: 		Lcd_Out(1,10,"Up");
0x026C	0x0E01      	MOVLW       1
0x026E	0x6FC3      	MOVWF       FARG_Lcd_Out_row, 1
0x0270	0x0E0A      	MOVLW       10
0x0272	0x6FC4      	MOVWF       FARG_Lcd_Out_column, 1
0x0274	0x0E44      	MOVLW       ?lstr11_Projeto2_SE
0x0276	0x6FC5      	MOVWF       FARG_Lcd_Out_text, 1
0x0278	0x0E00      	MOVLW       hi_addr(?lstr11_Projeto2_SE)
0x027A	0x6FC6      	MOVWF       FARG_Lcd_Out_text+1, 1
0x027C	0xDF28      	RCALL       _Lcd_Out
;Projeto2_SE.c,95 :: 		Lcd_Out_Cp("     ");
0x027E	0x0E3E      	MOVLW       ?lstr12_Projeto2_SE
0x0280	0x6FC3      	MOVWF       FARG_Lcd_Out_CP_text, 1
0x0282	0x0E00      	MOVLW       hi_addr(?lstr12_Projeto2_SE)
0x0284	0x6FC4      	MOVWF       FARG_Lcd_Out_CP_text+1, 1
0x0286	0xDF62      	RCALL       _Lcd_Out_CP
;Projeto2_SE.c,96 :: 		return 8;
0x0288	0x0E08      	MOVLW       8
0x028A	0x6E00      	MOVWF       R0 
0x028C	0x0E00      	MOVLW       0
0x028E	0x6E01      	MOVWF       R1 
0x0290	0xD07C      	BRA         L_end_SwitchCase
;Projeto2_SE.c,99 :: 		case 9 :
L_SwitchCase10:
;Projeto2_SE.c,101 :: 		return 9;
0x0292	0x0E09      	MOVLW       9
0x0294	0x6E00      	MOVWF       R0 
0x0296	0x0E00      	MOVLW       0
0x0298	0x6E01      	MOVWF       R1 
0x029A	0xD077      	BRA         L_end_SwitchCase
;Projeto2_SE.c,104 :: 		case 10 :
L_SwitchCase11:
;Projeto2_SE.c,106 :: 		return 10;
0x029C	0x0E0A      	MOVLW       10
0x029E	0x6E00      	MOVWF       R0 
0x02A0	0x0E00      	MOVLW       0
0x02A2	0x6E01      	MOVWF       R1 
0x02A4	0xD072      	BRA         L_end_SwitchCase
;Projeto2_SE.c,109 :: 		case 11 :
L_SwitchCase12:
;Projeto2_SE.c,110 :: 		Lcd_Out(1,10,"         ");
0x02A6	0x0E01      	MOVLW       1
0x02A8	0x6FC3      	MOVWF       FARG_Lcd_Out_row, 1
0x02AA	0x0E0A      	MOVLW       10
0x02AC	0x6FC4      	MOVWF       FARG_Lcd_Out_column, 1
0x02AE	0x0E34      	MOVLW       ?lstr13_Projeto2_SE
0x02B0	0x6FC5      	MOVWF       FARG_Lcd_Out_text, 1
0x02B2	0x0E00      	MOVLW       hi_addr(?lstr13_Projeto2_SE)
0x02B4	0x6FC6      	MOVWF       FARG_Lcd_Out_text+1, 1
0x02B6	0xDF0B      	RCALL       _Lcd_Out
;Projeto2_SE.c,111 :: 		Lcd_Out(1,10,"Right");
0x02B8	0x0E01      	MOVLW       1
0x02BA	0x6FC3      	MOVWF       FARG_Lcd_Out_row, 1
0x02BC	0x0E0A      	MOVLW       10
0x02BE	0x6FC4      	MOVWF       FARG_Lcd_Out_column, 1
0x02C0	0x0E71      	MOVLW       ?lstr14_Projeto2_SE
0x02C2	0x6FC5      	MOVWF       FARG_Lcd_Out_text, 1
0x02C4	0x0E00      	MOVLW       hi_addr(?lstr14_Projeto2_SE)
0x02C6	0x6FC6      	MOVWF       FARG_Lcd_Out_text+1, 1
0x02C8	0xDF02      	RCALL       _Lcd_Out
;Projeto2_SE.c,112 :: 		Lcd_Out_Cp("     ");
0x02CA	0x0E7F      	MOVLW       ?lstr15_Projeto2_SE
0x02CC	0x6FC3      	MOVWF       FARG_Lcd_Out_CP_text, 1
0x02CE	0x0E00      	MOVLW       hi_addr(?lstr15_Projeto2_SE)
0x02D0	0x6FC4      	MOVWF       FARG_Lcd_Out_CP_text+1, 1
0x02D2	0xDF3C      	RCALL       _Lcd_Out_CP
;Projeto2_SE.c,113 :: 		return 11;
0x02D4	0x0E0B      	MOVLW       11
0x02D6	0x6E00      	MOVWF       R0 
0x02D8	0x0E00      	MOVLW       0
0x02DA	0x6E01      	MOVWF       R1 
0x02DC	0xD056      	BRA         L_end_SwitchCase
;Projeto2_SE.c,116 :: 		case 12 :
L_SwitchCase13:
;Projeto2_SE.c,118 :: 		return 12;
0x02DE	0x0E0C      	MOVLW       12
0x02E0	0x6E00      	MOVWF       R0 
0x02E2	0x0E00      	MOVLW       0
0x02E4	0x6E01      	MOVWF       R1 
0x02E6	0xD051      	BRA         L_end_SwitchCase
;Projeto2_SE.c,120 :: 		}
L_SwitchCase0:
0x02E8	0x0100      	MOVLB       0
0x02EA	0x0E00      	MOVLW       0
0x02EC	0x19A0      	XORWF       _uiValor+1, 0, 1
0x02EE	0xE102      	BNZ         L__SwitchCase35
0x02F0	0x0E01      	MOVLW       1
0x02F2	0x199F      	XORWF       _uiValor, 0, 1
L__SwitchCase35:
0x02F4	0xB4D8      	BTFSC       STATUS, 2 
0x02F6	0xD748      	BRA         L_SwitchCase2
0x02F8	0x0E00      	MOVLW       0
0x02FA	0x19A0      	XORWF       _uiValor+1, 0, 1
0x02FC	0xE102      	BNZ         L__SwitchCase36
0x02FE	0x0E02      	MOVLW       2
0x0300	0x199F      	XORWF       _uiValor, 0, 1
L__SwitchCase36:
0x0302	0xB4D8      	BTFSC       STATUS, 2 
0x0304	0xD746      	BRA         L_SwitchCase3
0x0306	0x0E00      	MOVLW       0
0x0308	0x19A0      	XORWF       _uiValor+1, 0, 1
0x030A	0xE102      	BNZ         L__SwitchCase37
0x030C	0x0E03      	MOVLW       3
0x030E	0x199F      	XORWF       _uiValor, 0, 1
L__SwitchCase37:
0x0310	0xB4D8      	BTFSC       STATUS, 2 
0x0312	0xD744      	BRA         L_SwitchCase4
0x0314	0x0E00      	MOVLW       0
0x0316	0x19A0      	XORWF       _uiValor+1, 0, 1
0x0318	0xE102      	BNZ         L__SwitchCase38
0x031A	0x0E04      	MOVLW       4
0x031C	0x199F      	XORWF       _uiValor, 0, 1
L__SwitchCase38:
0x031E	0xB4D8      	BTFSC       STATUS, 2 
0x0320	0xD75A      	BRA         L_SwitchCase5
0x0322	0x0E00      	MOVLW       0
0x0324	0x19A0      	XORWF       _uiValor+1, 0, 1
0x0326	0xE102      	BNZ         L__SwitchCase39
0x0328	0x0E05      	MOVLW       5
0x032A	0x199F      	XORWF       _uiValor, 0, 1
L__SwitchCase39:
0x032C	0xB4D8      	BTFSC       STATUS, 2 
0x032E	0xD758      	BRA         L_SwitchCase6
0x0330	0x0E00      	MOVLW       0
0x0332	0x19A0      	XORWF       _uiValor+1, 0, 1
0x0334	0xE102      	BNZ         L__SwitchCase40
0x0336	0x0E06      	MOVLW       6
0x0338	0x199F      	XORWF       _uiValor, 0, 1
L__SwitchCase40:
0x033A	0xB4D8      	BTFSC       STATUS, 2 
0x033C	0xD756      	BRA         L_SwitchCase7
0x033E	0x0E00      	MOVLW       0
0x0340	0x19A0      	XORWF       _uiValor+1, 0, 1
0x0342	0xE102      	BNZ         L__SwitchCase41
0x0344	0x0E07      	MOVLW       7
0x0346	0x199F      	XORWF       _uiValor, 0, 1
L__SwitchCase41:
0x0348	0xB4D8      	BTFSC       STATUS, 2 
0x034A	0xD76B      	BRA         L_SwitchCase8
0x034C	0x0E00      	MOVLW       0
0x034E	0x19A0      	XORWF       _uiValor+1, 0, 1
0x0350	0xE102      	BNZ         L__SwitchCase42
0x0352	0x0E08      	MOVLW       8
0x0354	0x199F      	XORWF       _uiValor, 0, 1
L__SwitchCase42:
0x0356	0xB4D8      	BTFSC       STATUS, 2 
0x0358	0xD780      	BRA         L_SwitchCase9
0x035A	0x0E00      	MOVLW       0
0x035C	0x19A0      	XORWF       _uiValor+1, 0, 1
0x035E	0xE102      	BNZ         L__SwitchCase43
0x0360	0x0E09      	MOVLW       9
0x0362	0x199F      	XORWF       _uiValor, 0, 1
L__SwitchCase43:
0x0364	0xE096      	BZ          L_SwitchCase10
0x0366	0x0E00      	MOVLW       0
0x0368	0x19A0      	XORWF       _uiValor+1, 0, 1
0x036A	0xE102      	BNZ         L__SwitchCase44
0x036C	0x0E0A      	MOVLW       10
0x036E	0x199F      	XORWF       _uiValor, 0, 1
L__SwitchCase44:
0x0370	0xE095      	BZ          L_SwitchCase11
0x0372	0x0E00      	MOVLW       0
0x0374	0x19A0      	XORWF       _uiValor+1, 0, 1
0x0376	0xE102      	BNZ         L__SwitchCase45
0x0378	0x0E0B      	MOVLW       11
0x037A	0x199F      	XORWF       _uiValor, 0, 1
L__SwitchCase45:
0x037C	0xE094      	BZ          L_SwitchCase12
0x037E	0x0E00      	MOVLW       0
0x0380	0x19A0      	XORWF       _uiValor+1, 0, 1
0x0382	0xE102      	BNZ         L__SwitchCase46
0x0384	0x0E0C      	MOVLW       12
0x0386	0x199F      	XORWF       _uiValor, 0, 1
L__SwitchCase46:
0x0388	0xE0AA      	BZ          L_SwitchCase13
;Projeto2_SE.c,121 :: 		}
L_end_SwitchCase:
0x038A	0x0012      	RETURN      0
; end of _SwitchCase
_SetButtom:
;Projeto2_SE.c,131 :: 		int SetButtom()
;Projeto2_SE.c,133 :: 		TRISD=0x0F;                                     // Define Todos Os Pinos De 0 A 3 Do PORTD Como Entrada E Pinos De 4 A 7 Do PORTD Como Saida.
0x038C	0x0E0F      	MOVLW       15
0x038E	0x6E95      	MOVWF       TRISD 
;Projeto2_SE.c,134 :: 		PORTB.RB0=0;                                    // Liga Coluna 1
0x0390	0x9081      	BCF         PORTB, 0 
;Projeto2_SE.c,135 :: 		Delay_ms(1);                                    // Aguarda 1ms Para Fazer A Leitura Das Teclas.
0x0392	0x0E03      	MOVLW       3
0x0394	0x6E0C      	MOVWF       R12, 0
0x0396	0x0E97      	MOVLW       151
0x0398	0x6E0D      	MOVWF       R13, 0
L_SetButtom15:
0x039A	0x2E0D      	DECFSZ      R13, 1, 0
0x039C	0xD7FE      	BRA         L_SetButtom15
0x039E	0x2E0C      	DECFSZ      R12, 1, 0
0x03A0	0xD7FC      	BRA         L_SetButtom15
0x03A2	0x0000      	NOP
0x03A4	0x0000      	NOP
;Projeto2_SE.c,136 :: 		ucTecla = (((~PORTD)&0x0F));                    // A operação bitwise and retorna os pinos que nos interessa, nesse caso os pinos de RD0 a RD3
0x03A6	0x1C83      	COMF        PORTD, 0 
0x03A8	0x6E00      	MOVWF       R0 
0x03AA	0x0E0F      	MOVLW       15
0x03AC	0x1600      	ANDWF       R0, 1 
0x03AE	0xF0BCC000  	MOVFF       R0, _ucTecla
;Projeto2_SE.c,137 :: 		PORTB.RB0=1;                                    // Desliga Coluna 1
0x03B2	0x8081      	BSF         PORTB, 0 
;Projeto2_SE.c,138 :: 		uiTeclas = (unsigned int)(ucTecla&0x0F);        //
0x03B4	0x0E0F      	MOVLW       15
0x03B6	0x1400      	ANDWF       R0, 0 
0x03B8	0x0100      	MOVLB       0
0x03BA	0x6FBA      	MOVWF       _uiTeclas, 1
0x03BC	0x6BBB      	CLRF        _uiTeclas+1, 1
0x03BE	0x0E00      	MOVLW       0
0x03C0	0x17BB      	ANDWF       _uiTeclas+1, 1, 1
0x03C2	0x0E00      	MOVLW       0
0x03C4	0x6FBB      	MOVWF       _uiTeclas+1, 1
;Projeto2_SE.c,140 :: 		PORTB.RB1=0;                                    // Liga Coluna 2
0x03C6	0x9281      	BCF         PORTB, 1 
;Projeto2_SE.c,141 :: 		Delay_ms(1);                                    // Aguardo um pouco
0x03C8	0x0E03      	MOVLW       3
0x03CA	0x6E0C      	MOVWF       R12, 0
0x03CC	0x0E97      	MOVLW       151
0x03CE	0x6E0D      	MOVWF       R13, 0
L_SetButtom16:
0x03D0	0x2E0D      	DECFSZ      R13, 1, 0
0x03D2	0xD7FE      	BRA         L_SetButtom16
0x03D4	0x2E0C      	DECFSZ      R12, 1, 0
0x03D6	0xD7FC      	BRA         L_SetButtom16
0x03D8	0x0000      	NOP
0x03DA	0x0000      	NOP
;Projeto2_SE.c,142 :: 		ucTecla = (((~PORTD)&0x0F));                    // A operacao bitwise AND retorna os pinos que nos interessa
0x03DC	0x1C83      	COMF        PORTD, 0 
0x03DE	0x6E00      	MOVWF       R0 
0x03E0	0x0E0F      	MOVLW       15
0x03E2	0x1600      	ANDWF       R0, 1 
0x03E4	0xF0BCC000  	MOVFF       R0, _ucTecla
;Projeto2_SE.c,143 :: 		PORTB.RB1=1;                                    // Desliga Coluna 2
0x03E8	0x8281      	BSF         PORTB, 1 
;Projeto2_SE.c,144 :: 		uiTeclas |= (unsigned int)((ucTecla&0x0F)<<4);  // Realizo uma operacao bitwise e desloco em 4
0x03EA	0x0E0F      	MOVLW       15
0x03EC	0x1400      	ANDWF       R0, 0 
0x03EE	0x6E03      	MOVWF       R3 
0x03F0	0x0E04      	MOVLW       4
0x03F2	0x6E02      	MOVWF       R2 
0x03F4	0xF000C003  	MOVFF       R3, R0
0x03F8	0x0E00      	MOVLW       0
0x03FA	0x6E01      	MOVWF       R1 
0x03FC	0x5002      	MOVF        R2, 0 
L__SetButtom49:
0x03FE	0xE005      	BZ          L__SetButtom50
0x0400	0x3600      	RLCF        R0, 1 
0x0402	0x9000      	BCF         R0, 0 
0x0404	0x3601      	RLCF        R1, 1 
0x0406	0x0FFF      	ADDLW       255
0x0408	0xD7FA      	BRA         L__SetButtom49
L__SetButtom50:
0x040A	0x0100      	MOVLB       0
0x040C	0x5000      	MOVF        R0, 0 
0x040E	0x13BA      	IORWF       _uiTeclas, 1, 1
0x0410	0x5001      	MOVF        R1, 0 
0x0412	0x13BB      	IORWF       _uiTeclas+1, 1, 1
;Projeto2_SE.c,146 :: 		PORTB.RB2=0;                                    // Liga coluna 3
0x0414	0x9481      	BCF         PORTB, 2 
;Projeto2_SE.c,147 :: 		Delay_ms(1);                                    // Aguardo um pouco
0x0416	0x0E03      	MOVLW       3
0x0418	0x6E0C      	MOVWF       R12, 0
0x041A	0x0E97      	MOVLW       151
0x041C	0x6E0D      	MOVWF       R13, 0
L_SetButtom17:
0x041E	0x2E0D      	DECFSZ      R13, 1, 0
0x0420	0xD7FE      	BRA         L_SetButtom17
0x0422	0x2E0C      	DECFSZ      R12, 1, 0
0x0424	0xD7FC      	BRA         L_SetButtom17
0x0426	0x0000      	NOP
0x0428	0x0000      	NOP
;Projeto2_SE.c,148 :: 		ucTecla = (((~PORTD)&0x0F));                    // A operacao bitwise AND retorna os pinos que nos interessa
0x042A	0x1C83      	COMF        PORTD, 0 
0x042C	0x6E00      	MOVWF       R0 
0x042E	0x0E0F      	MOVLW       15
0x0430	0x1600      	ANDWF       R0, 1 
0x0432	0xF0BCC000  	MOVFF       R0, _ucTecla
;Projeto2_SE.c,149 :: 		PORTB.RB2=1;                                    // Desliga coluna 3
0x0436	0x8481      	BSF         PORTB, 2 
;Projeto2_SE.c,150 :: 		uiTeclas |= (unsigned int)((ucTecla&0x0F)<<8);  // Realizo uma operacao bitwise e desloco em 8
0x0438	0x0E0F      	MOVLW       15
0x043A	0x1400      	ANDWF       R0, 0 
0x043C	0x6E03      	MOVWF       R3 
0x043E	0xF001C003  	MOVFF       R3, R1
0x0442	0x6A00      	CLRF        R0 
0x0444	0x5000      	MOVF        R0, 0 
0x0446	0x13BA      	IORWF       _uiTeclas, 1, 1
0x0448	0x5001      	MOVF        R1, 0 
0x044A	0x13BB      	IORWF       _uiTeclas+1, 1, 1
;Projeto2_SE.c,151 :: 		uiValor=0;                                      // Inicializo variavel auxiliar
0x044C	0x6B9F      	CLRF        _uiValor, 1
0x044E	0x6BA0      	CLRF        _uiValor+1, 1
;Projeto2_SE.c,163 :: 		for (ucContador=0;ucContador<=12;ucContador++)
0x0450	0x6BBD      	CLRF        _ucContador, 1
L_SetButtom18:
0x0452	0x51BD      	MOVF        _ucContador, 0, 1
0x0454	0x080C      	SUBLW       12
0x0456	0xE31B      	BNC         L_SetButtom19
;Projeto2_SE.c,167 :: 		if ((unsigned int)(1<<ucContador)==uiTeclas)
0x0458	0xF000C0BD  	MOVFF       _ucContador, R0
0x045C	0x0E01      	MOVLW       1
0x045E	0x6E01      	MOVWF       R1 
0x0460	0x0E00      	MOVLW       0
0x0462	0x6E02      	MOVWF       R2 
0x0464	0x5000      	MOVF        R0, 0 
L__SetButtom51:
0x0466	0xE005      	BZ          L__SetButtom52
0x0468	0x3601      	RLCF        R1, 1 
0x046A	0x9001      	BCF         R1, 0 
0x046C	0x3602      	RLCF        R2, 1 
0x046E	0x0FFF      	ADDLW       255
0x0470	0xD7FA      	BRA         L__SetButtom51
L__SetButtom52:
0x0472	0x5002      	MOVF        R2, 0 
0x0474	0x19BB      	XORWF       _uiTeclas+1, 0, 1
0x0476	0xE102      	BNZ         L__SetButtom53
0x0478	0x51BA      	MOVF        _uiTeclas, 0, 1
0x047A	0x1801      	XORWF       R1, 0 
L__SetButtom53:
0x047C	0xE106      	BNZ         L_SetButtom21
;Projeto2_SE.c,170 :: 		uiValor = (unsigned int) ucContador + 1 ;
0x047E	0xF09FC0BD  	MOVFF       _ucContador, _uiValor
0x0482	0x0E00      	MOVLW       0
0x0484	0x6FA0      	MOVWF       _uiValor+1, 1
0x0486	0x4B9F      	INFSNZ      _uiValor, 1, 1
0x0488	0x2BA0      	INCF        _uiValor+1, 1, 1
;Projeto2_SE.c,171 :: 		}
L_SetButtom21:
;Projeto2_SE.c,163 :: 		for (ucContador=0;ucContador<=12;ucContador++)
0x048A	0x2BBD      	INCF        _ucContador, 1, 1
;Projeto2_SE.c,172 :: 		}
0x048C	0xD7E2      	BRA         L_SetButtom18
L_SetButtom19:
;Projeto2_SE.c,176 :: 		if( uiValor == 6 || uiValor == 7 || uiValor == 3 || uiValor == 11 || uiValor == 8 )
0x048E	0x0E00      	MOVLW       0
0x0490	0x19A0      	XORWF       _uiValor+1, 0, 1
0x0492	0xE102      	BNZ         L__SetButtom54
0x0494	0x0E06      	MOVLW       6
0x0496	0x199F      	XORWF       _uiValor, 0, 1
L__SetButtom54:
0x0498	0xE019      	BZ          L__SetButtom33
0x049A	0x0E00      	MOVLW       0
0x049C	0x19A0      	XORWF       _uiValor+1, 0, 1
0x049E	0xE102      	BNZ         L__SetButtom55
0x04A0	0x0E07      	MOVLW       7
0x04A2	0x199F      	XORWF       _uiValor, 0, 1
L__SetButtom55:
0x04A4	0xE013      	BZ          L__SetButtom33
0x04A6	0x0E00      	MOVLW       0
0x04A8	0x19A0      	XORWF       _uiValor+1, 0, 1
0x04AA	0xE102      	BNZ         L__SetButtom56
0x04AC	0x0E03      	MOVLW       3
0x04AE	0x199F      	XORWF       _uiValor, 0, 1
L__SetButtom56:
0x04B0	0xE00D      	BZ          L__SetButtom33
0x04B2	0x0E00      	MOVLW       0
0x04B4	0x19A0      	XORWF       _uiValor+1, 0, 1
0x04B6	0xE102      	BNZ         L__SetButtom57
0x04B8	0x0E0B      	MOVLW       11
0x04BA	0x199F      	XORWF       _uiValor, 0, 1
L__SetButtom57:
0x04BC	0xE007      	BZ          L__SetButtom33
0x04BE	0x0E00      	MOVLW       0
0x04C0	0x19A0      	XORWF       _uiValor+1, 0, 1
0x04C2	0xE102      	BNZ         L__SetButtom58
0x04C4	0x0E08      	MOVLW       8
0x04C6	0x199F      	XORWF       _uiValor, 0, 1
L__SetButtom58:
0x04C8	0xE001      	BZ          L__SetButtom33
0x04CA	0xD010      	BRA         L_SetButtom24
L__SetButtom33:
;Projeto2_SE.c,178 :: 		UART1_Write(uiValor); // Envia para o Arduino
0x04CC	0xF0C2C09F  	MOVFF       _uiValor, FARG_UART1_Write_data_
0x04D0	0xDE53      	RCALL       _UART1_Write
;Projeto2_SE.c,179 :: 		Delay_ms(100);        // Dou uma pausa de 100ms para dar tempo de enviar o dado corretamente
0x04D2	0x0E02      	MOVLW       2
0x04D4	0x6E0B      	MOVWF       R11, 0
0x04D6	0x0E04      	MOVLW       4
0x04D8	0x6E0C      	MOVWF       R12, 0
0x04DA	0x0EBA      	MOVLW       186
0x04DC	0x6E0D      	MOVWF       R13, 0
L_SetButtom25:
0x04DE	0x2E0D      	DECFSZ      R13, 1, 0
0x04E0	0xD7FE      	BRA         L_SetButtom25
0x04E2	0x2E0C      	DECFSZ      R12, 1, 0
0x04E4	0xD7FC      	BRA         L_SetButtom25
0x04E6	0x2E0B      	DECFSZ      R11, 1, 0
0x04E8	0xD7FA      	BRA         L_SetButtom25
0x04EA	0x0000      	NOP
;Projeto2_SE.c,180 :: 		}
L_SetButtom24:
;Projeto2_SE.c,182 :: 		return SwitchCase();     // Verifico o que devo escrever no LCD para enviar o comando
0x04EC	0xDE4C      	RCALL       _SwitchCase
;Projeto2_SE.c,183 :: 		}
L_end_SetButtom:
0x04EE	0x0012      	RETURN      0
; end of _SetButtom
_ADC_Init:
;__Lib_ADC_A_D.c,6 :: 		
;__Lib_ADC_A_D.c,7 :: 		
0x04F0	0x0EFF      	MOVLW       _ADC_Get_Sample
0x04F2	0x0100      	MOVLB       0
0x04F4	0x6FA6      	MOVWF       _ADC_Get_Sample_Ptr, 1
0x04F6	0x0EFF      	MOVLW       hi_addr(_ADC_Get_Sample)
0x04F8	0x6FA7      	MOVWF       _ADC_Get_Sample_Ptr+1, 1
0x04FA	0x0EFF      	MOVLW       FARG_ADC_Get_Sample_channel
0x04FC	0x6FA8      	MOVWF       _ADC_Get_Sample_Ptr+2, 1
0x04FE	0x0EFF      	MOVLW       hi_addr(FARG_ADC_Get_Sample_channel)
0x0500	0x6FA9      	MOVWF       _ADC_Get_Sample_Ptr+3, 1
;__Lib_ADC_A_D.c,9 :: 		
0x0502	0x6AC2      	CLRF        ADCON0 
;__Lib_ADC_A_D.c,10 :: 		
0x0504	0x0E07      	MOVLW       7
0x0506	0x12C0      	IORWF       ADCON2, 1 
;__Lib_ADC_A_D.c,11 :: 		
0x0508	0x8EC0      	BSF         ADCON2, 7 
;__Lib_ADC_A_D.c,12 :: 		
0x050A	0x80C2      	BSF         ADCON0, 0 
;__Lib_ADC_A_D.c,13 :: 		
L_end_ADC_Init:
0x050C	0x0012      	RETURN      0
; end of _ADC_Init
_Lcd_Init:
;__Lib_Lcd.c,84 :: 		
;__Lib_Lcd.c,86 :: 		
0x050E	0x9296      	BCF         LCD_EN_Direction, BitPos(LCD_EN_Direction+0) 
;__Lib_Lcd.c,87 :: 		
0x0510	0x9496      	BCF         LCD_RS_Direction, BitPos(LCD_RS_Direction+0) 
;__Lib_Lcd.c,88 :: 		
0x0512	0x9895      	BCF         LCD_D4_Direction, BitPos(LCD_D4_Direction+0) 
;__Lib_Lcd.c,89 :: 		
0x0514	0x9A95      	BCF         LCD_D5_Direction, BitPos(LCD_D5_Direction+0) 
;__Lib_Lcd.c,90 :: 		
0x0516	0x9C95      	BCF         LCD_D6_Direction, BitPos(LCD_D6_Direction+0) 
;__Lib_Lcd.c,91 :: 		
0x0518	0x9E95      	BCF         LCD_D7_Direction, BitPos(LCD_D7_Direction+0) 
;__Lib_Lcd.c,93 :: 		
0x051A	0x9284      	BCF         LCD_EN, BitPos(LCD_EN+0) 
;__Lib_Lcd.c,94 :: 		
0x051C	0x9484      	BCF         LCD_RS, BitPos(LCD_RS+0) 
;__Lib_Lcd.c,95 :: 		
0x051E	0x9E83      	BCF         LCD_D7, BitPos(LCD_D7+0) 
;__Lib_Lcd.c,96 :: 		
0x0520	0x9C83      	BCF         LCD_D6, BitPos(LCD_D6+0) 
;__Lib_Lcd.c,97 :: 		
0x0522	0x9A83      	BCF         LCD_D5, BitPos(LCD_D5+0) 
;__Lib_Lcd.c,98 :: 		
0x0524	0x9883      	BCF         LCD_D4, BitPos(LCD_D4+0) 
;__Lib_Lcd.c,100 :: 		
0x0526	0xDD7A      	RCALL       _Delay_5500us
;__Lib_Lcd.c,101 :: 		
0x0528	0xDD79      	RCALL       _Delay_5500us
;__Lib_Lcd.c,102 :: 		
0x052A	0xDD78      	RCALL       _Delay_5500us
;__Lib_Lcd.c,105 :: 		
0x052C	0x8A83      	BSF         LCD_D5, BitPos(LCD_D5+0) 
;__Lib_Lcd.c,106 :: 		
0x052E	0x8883      	BSF         LCD_D4, BitPos(LCD_D4+0) 
;__Lib_Lcd.c,107 :: 		
0x0530	0x8284      	BSF         LCD_EN, BitPos(LCD_EN+0) 
;__Lib_Lcd.c,108 :: 		
0x0532	0xDD7F      	RCALL       _Delay_1us
;__Lib_Lcd.c,109 :: 		
0x0534	0x9284      	BCF         LCD_EN, BitPos(LCD_EN+0) 
;__Lib_Lcd.c,110 :: 		
0x0536	0xDD72      	RCALL       _Delay_5500us
;__Lib_Lcd.c,112 :: 		
0x0538	0x8284      	BSF         LCD_EN, BitPos(LCD_EN+0) 
;__Lib_Lcd.c,113 :: 		
0x053A	0xDD7B      	RCALL       _Delay_1us
;__Lib_Lcd.c,114 :: 		
0x053C	0x9284      	BCF         LCD_EN, BitPos(LCD_EN+0) 
;__Lib_Lcd.c,115 :: 		
0x053E	0xDD6E      	RCALL       _Delay_5500us
;__Lib_Lcd.c,117 :: 		
0x0540	0x8284      	BSF         LCD_EN, BitPos(LCD_EN+0) 
;__Lib_Lcd.c,118 :: 		
0x0542	0xDD77      	RCALL       _Delay_1us
;__Lib_Lcd.c,119 :: 		
0x0544	0x9284      	BCF         LCD_EN, BitPos(LCD_EN+0) 
;__Lib_Lcd.c,120 :: 		
0x0546	0xDD6A      	RCALL       _Delay_5500us
;__Lib_Lcd.c,123 :: 		
0x0548	0x9883      	BCF         LCD_D4, BitPos(LCD_D4+0) 
;__Lib_Lcd.c,124 :: 		
0x054A	0x8284      	BSF         LCD_EN, BitPos(LCD_EN+0) 
;__Lib_Lcd.c,125 :: 		
0x054C	0xDD72      	RCALL       _Delay_1us
;__Lib_Lcd.c,126 :: 		
0x054E	0x9284      	BCF         LCD_EN, BitPos(LCD_EN+0) 
;__Lib_Lcd.c,127 :: 		
0x0550	0xDD65      	RCALL       _Delay_5500us
;__Lib_Lcd.c,130 :: 		
0x0552	0x8284      	BSF         LCD_EN, BitPos(LCD_EN+0) 
;__Lib_Lcd.c,131 :: 		
0x0554	0xDD6E      	RCALL       _Delay_1us
;__Lib_Lcd.c,132 :: 		
0x0556	0x9284      	BCF         LCD_EN, BitPos(LCD_EN+0) 
;__Lib_Lcd.c,134 :: 		
0x0558	0x9A83      	BCF         LCD_D5, BitPos(LCD_D5+0) 
;__Lib_Lcd.c,135 :: 		
0x055A	0x8E83      	BSF         LCD_D7, BitPos(LCD_D7+0) 
;__Lib_Lcd.c,136 :: 		
0x055C	0x8284      	BSF         LCD_EN, BitPos(LCD_EN+0) 
;__Lib_Lcd.c,137 :: 		
0x055E	0xDD69      	RCALL       _Delay_1us
;__Lib_Lcd.c,138 :: 		
0x0560	0x9284      	BCF         LCD_EN, BitPos(LCD_EN+0) 
;__Lib_Lcd.c,139 :: 		
0x0562	0xDD5C      	RCALL       _Delay_5500us
;__Lib_Lcd.c,142 :: 		
0x0564	0x9E83      	BCF         LCD_D7, BitPos(LCD_D7+0) 
;__Lib_Lcd.c,143 :: 		
0x0566	0x8883      	BSF         LCD_D4, BitPos(LCD_D4+0) 
;__Lib_Lcd.c,144 :: 		
0x0568	0x8284      	BSF         LCD_EN, BitPos(LCD_EN+0) 
;__Lib_Lcd.c,145 :: 		
0x056A	0xDD63      	RCALL       _Delay_1us
;__Lib_Lcd.c,146 :: 		
0x056C	0x9284      	BCF         LCD_EN, BitPos(LCD_EN+0) 
;__Lib_Lcd.c,148 :: 		
0x056E	0x9883      	BCF         LCD_D4, BitPos(LCD_D4+0) 
;__Lib_Lcd.c,149 :: 		
0x0570	0x8284      	BSF         LCD_EN, BitPos(LCD_EN+0) 
;__Lib_Lcd.c,150 :: 		
0x0572	0xDD5F      	RCALL       _Delay_1us
;__Lib_Lcd.c,151 :: 		
0x0574	0x9284      	BCF         LCD_EN, BitPos(LCD_EN+0) 
;__Lib_Lcd.c,152 :: 		
0x0576	0xDD52      	RCALL       _Delay_5500us
;__Lib_Lcd.c,155 :: 		
0x0578	0x8284      	BSF         LCD_EN, BitPos(LCD_EN+0) 
;__Lib_Lcd.c,156 :: 		
0x057A	0xDD5B      	RCALL       _Delay_1us
;__Lib_Lcd.c,157 :: 		
0x057C	0x9284      	BCF         LCD_EN, BitPos(LCD_EN+0) 
;__Lib_Lcd.c,159 :: 		
0x057E	0x8883      	BSF         LCD_D4, BitPos(LCD_D4+0) 
;__Lib_Lcd.c,160 :: 		
0x0580	0x8284      	BSF         LCD_EN, BitPos(LCD_EN+0) 
;__Lib_Lcd.c,161 :: 		
0x0582	0xDD57      	RCALL       _Delay_1us
;__Lib_Lcd.c,162 :: 		
0x0584	0x9284      	BCF         LCD_EN, BitPos(LCD_EN+0) 
;__Lib_Lcd.c,163 :: 		
0x0586	0xDD4A      	RCALL       _Delay_5500us
;__Lib_Lcd.c,166 :: 		
0x0588	0x9883      	BCF         LCD_D4, BitPos(LCD_D4+0) 
;__Lib_Lcd.c,167 :: 		
0x058A	0x8284      	BSF         LCD_EN, BitPos(LCD_EN+0) 
;__Lib_Lcd.c,168 :: 		
0x058C	0xDD52      	RCALL       _Delay_1us
;__Lib_Lcd.c,169 :: 		
0x058E	0x9284      	BCF         LCD_EN, BitPos(LCD_EN+0) 
;__Lib_Lcd.c,171 :: 		
0x0590	0x8E83      	BSF         LCD_D7, BitPos(LCD_D7+0) 
;__Lib_Lcd.c,172 :: 		
0x0592	0x8C83      	BSF         LCD_D6, BitPos(LCD_D6+0) 
;__Lib_Lcd.c,173 :: 		
0x0594	0x8A83      	BSF         LCD_D5, BitPos(LCD_D5+0) 
;__Lib_Lcd.c,174 :: 		
0x0596	0x8883      	BSF         LCD_D4, BitPos(LCD_D4+0) 
;__Lib_Lcd.c,175 :: 		
0x0598	0x8284      	BSF         LCD_EN, BitPos(LCD_EN+0) 
;__Lib_Lcd.c,176 :: 		
0x059A	0xDD4B      	RCALL       _Delay_1us
;__Lib_Lcd.c,177 :: 		
0x059C	0x9284      	BCF         LCD_EN, BitPos(LCD_EN+0) 
;__Lib_Lcd.c,179 :: 		
0x059E	0xDD3E      	RCALL       _Delay_5500us
;__Lib_Lcd.c,181 :: 		
0x05A0	0x0100      	MOVLB       0
0x05A2	0x81A5      	BSF         __Lib_Lcd_cmd_status, BitPos(__Lib_Lcd_cmd_status+0), 1
;__Lib_Lcd.c,182 :: 		
L_end_Lcd_Init:
0x05A4	0x0012      	RETURN      0
; end of _Lcd_Init
___CC2DW:
;__Lib_System.c,21 :: 		
;__Lib_System.c,23 :: 		
_CC2DL_Loop1:
;__Lib_System.c,24 :: 		
0x05A6	0x0009      	TBLRD*+
;__Lib_System.c,25 :: 		
0x05A8	0xFFE6CFF5  	MOVFF       TABLAT, POSTINC1
;__Lib_System.c,26 :: 		
0x05AC	0x0600      	DECF        R0, 1, 0
;__Lib_System.c,27 :: 		
0x05AE	0xE1FB      	BNZ         _CC2DL_Loop1
;__Lib_System.c,28 :: 		
0x05B0	0x0601      	DECF        R1, 1, 0
;__Lib_System.c,29 :: 		
0x05B2	0xE1F9      	BNZ         _CC2DL_Loop1
;__Lib_System.c,31 :: 		
L_end___CC2DW:
0x05B4	0x0012      	RETURN      0
; end of ___CC2DW
_ConfigureTeclado:
;Projeto2_SE.c,202 :: 		void ConfigureTeclado()
;Projeto2_SE.c,204 :: 		TRISB.RB0=0;        // Define o pino RB0 do PORTB como saida(Coluna1).
0x05B6	0x9093      	BCF         TRISB, 0 
;Projeto2_SE.c,205 :: 		TRISB.RB1=0;        // Define o pino RB1 do PORTB como saida(Coluna2).
0x05B8	0x9293      	BCF         TRISB, 1 
;Projeto2_SE.c,206 :: 		TRISB.RB2=0;        // Define o pino RB2 do PORTB como saida(Coluna3).
0x05BA	0x9493      	BCF         TRISB, 2 
;Projeto2_SE.c,207 :: 		TRISD = 0;          // Define Todos Os Pinos Do PORTD Como Saida.
0x05BC	0x6A95      	CLRF        TRISD 
;Projeto2_SE.c,208 :: 		}
L_end_ConfigureTeclado:
0x05BE	0x0012      	RETURN      0
; end of _ConfigureTeclado
_UART1_Init:
;__Lib_UART_c67.c,15 :: 		
;__Lib_UART_c67.c,18 :: 		
0x05C0	0x0E78      	MOVLW       _UART1_Write
0x05C2	0x0100      	MOVLB       0
0x05C4	0x6FAA      	MOVWF       _UART_Wr_Ptr, 1
0x05C6	0x0E01      	MOVLW       hi_addr(_UART1_Write)
0x05C8	0x6FAB      	MOVWF       _UART_Wr_Ptr+1, 1
0x05CA	0x0EC2      	MOVLW       FARG_UART1_Write_data_
0x05CC	0x6FAC      	MOVWF       _UART_Wr_Ptr+2, 1
0x05CE	0x0E00      	MOVLW       hi_addr(FARG_UART1_Write_data_)
0x05D0	0x6FAD      	MOVWF       _UART_Wr_Ptr+3, 1
;__Lib_UART_c67.c,19 :: 		
0x05D2	0x0E18      	MOVLW       _UART1_Read
0x05D4	0x6FB6      	MOVWF       _UART_Rd_Ptr, 1
0x05D6	0x0E06      	MOVLW       hi_addr(_UART1_Read)
0x05D8	0x6FB7      	MOVWF       _UART_Rd_Ptr+1, 1
0x05DA	0x0E00      	MOVLW       0
0x05DC	0x6FB8      	MOVWF       _UART_Rd_Ptr+2, 1
0x05DE	0x0E00      	MOVLW       0
0x05E0	0x6FB9      	MOVWF       _UART_Rd_Ptr+3, 1
;__Lib_UART_c67.c,20 :: 		
0x05E2	0x0E76      	MOVLW       _UART1_Data_Ready
0x05E4	0x6FB2      	MOVWF       _UART_Rdy_Ptr, 1
0x05E6	0x0E06      	MOVLW       hi_addr(_UART1_Data_Ready)
0x05E8	0x6FB3      	MOVWF       _UART_Rdy_Ptr+1, 1
0x05EA	0x0E00      	MOVLW       0
0x05EC	0x6FB4      	MOVWF       _UART_Rdy_Ptr+2, 1
0x05EE	0x0E00      	MOVLW       0
0x05F0	0x6FB5      	MOVWF       _UART_Rdy_Ptr+3, 1
;__Lib_UART_c67.c,21 :: 		
0x05F2	0x0EFF      	MOVLW       _UART1_Tx_Idle
0x05F4	0x6FAE      	MOVWF       _UART_Tx_Idle_Ptr, 1
0x05F6	0x0EFF      	MOVLW       hi_addr(_UART1_Tx_Idle)
0x05F8	0x6FAF      	MOVWF       _UART_Tx_Idle_Ptr+1, 1
0x05FA	0x0E00      	MOVLW       0
0x05FC	0x6FB0      	MOVWF       _UART_Tx_Idle_Ptr+2, 1
0x05FE	0x0E00      	MOVLW       0
0x0600	0x6FB1      	MOVWF       _UART_Tx_Idle_Ptr+3, 1
;__Lib_UART_c67.c,23 :: 		
0x0602	0x8AAC      	BSF         TXSTA, 5 
;__Lib_UART_c67.c,24 :: 		
0x0604	0x0E90      	MOVLW       144
0x0606	0x6EAB      	MOVWF       RCSTA 
;__Lib_UART_c67.c,25 :: 		
0x0608	0x8E94      	BSF         TRISC7_bit, 7 
;__Lib_UART_c67.c,26 :: 		
0x060A	0x9C94      	BCF         TRISC6_bit, 6 
;__Lib_UART_c67.c,28 :: 		
L_UART1_Init0:
0x060C	0xAA9E      	BTFSS       PIR1, 5 
0x060E	0xD003      	BRA         L_UART1_Init1
;__Lib_UART_c67.c,29 :: 		
0x0610	0xF000CFAE  	MOVFF       RCREG, R0
0x0614	0xD7FB      	BRA         L_UART1_Init0
L_UART1_Init1:
;__Lib_UART_c67.c,30 :: 		
L_end_UART1_Init:
0x0616	0x0012      	RETURN      0
; end of _UART1_Init
_UART1_Read:
;__Lib_UART_c67.c,39 :: 		
;__Lib_UART_c67.c,42 :: 		
0x0618	0xF001CFAE  	MOVFF       RCREG, R1
;__Lib_UART_c67.c,43 :: 		
0x061C	0xA2AB      	BTFSS       RCSTA, 1 
0x061E	0xD002      	BRA         L_UART1_Read2
;__Lib_UART_c67.c,44 :: 		
0x0620	0x98AB      	BCF         RCSTA, 4 
;__Lib_UART_c67.c,45 :: 		
0x0622	0x88AB      	BSF         RCSTA, 4 
;__Lib_UART_c67.c,46 :: 		
L_UART1_Read2:
;__Lib_UART_c67.c,47 :: 		
0x0624	0xF000C001  	MOVFF       R1, R0
;__Lib_UART_c67.c,48 :: 		
L_end_UART1_Read:
0x0628	0x0012      	RETURN      0
; end of _UART1_Read
_Buzzer:
;Projeto2_SE.c,124 :: 		void Buzzer()
;Projeto2_SE.c,126 :: 		PORTC.RC1 = ~PORTC.RC1;                         // Inversao de estado
0x062A	0x7282      	BTG         PORTC, 1 
;Projeto2_SE.c,127 :: 		delay_ms(1000);                                 // Delay de 2000 milisegundos
0x062C	0x0E0B      	MOVLW       11
0x062E	0x6E0B      	MOVWF       R11, 0
0x0630	0x0E26      	MOVLW       38
0x0632	0x6E0C      	MOVWF       R12, 0
0x0634	0x0E5D      	MOVLW       93
0x0636	0x6E0D      	MOVWF       R13, 0
L_Buzzer14:
0x0638	0x2E0D      	DECFSZ      R13, 1, 0
0x063A	0xD7FE      	BRA         L_Buzzer14
0x063C	0x2E0C      	DECFSZ      R12, 1, 0
0x063E	0xD7FC      	BRA         L_Buzzer14
0x0640	0x2E0B      	DECFSZ      R11, 1, 0
0x0642	0xD7FA      	BRA         L_Buzzer14
0x0644	0x0000      	NOP
0x0646	0x0000      	NOP
;Projeto2_SE.c,128 :: 		PORTC.RC1 = ~PORTC.RC1;                         // Inversao de estado
0x0648	0x7282      	BTG         PORTC, 1 
;Projeto2_SE.c,129 :: 		}
L_end_Buzzer:
0x064A	0x0012      	RETURN      0
; end of _Buzzer
_TypeMode:
;Projeto2_SE.c,185 :: 		void TypeMode(int Obs)
;Projeto2_SE.c,187 :: 		if( Obs == 1)
0x064C	0x0E00      	MOVLW       0
0x064E	0x0100      	MOVLB       0
0x0650	0x19C1      	XORWF       FARG_TypeMode_Obs+1, 0, 1
0x0652	0xE102      	BNZ         L__TypeMode60
0x0654	0x0E01      	MOVLW       1
0x0656	0x19C0      	XORWF       FARG_TypeMode_Obs, 0, 1
L__TypeMode60:
0x0658	0xE108      	BNZ         L_TypeMode26
;Projeto2_SE.c,189 :: 		ModoControle[0] = 'Y';
0x065A	0x0E59      	MOVLW       89
0x065C	0x6FA1      	MOVWF       _ModoControle, 1
;Projeto2_SE.c,190 :: 		ModoControle[1] = 'e';
0x065E	0x0E65      	MOVLW       101
0x0660	0x6FA2      	MOVWF       _ModoControle+1, 1
;Projeto2_SE.c,191 :: 		ModoControle[2] = 's';
0x0662	0x0E73      	MOVLW       115
0x0664	0x6FA3      	MOVWF       _ModoControle+2, 1
;Projeto2_SE.c,192 :: 		ModoControle[3] = '\0';
0x0666	0x6BA4      	CLRF        _ModoControle+3, 1
;Projeto2_SE.c,193 :: 		}
0x0668	0xD005      	BRA         L_TypeMode27
L_TypeMode26:
;Projeto2_SE.c,196 :: 		ModoControle[0] = 'N';
0x066A	0x0E4E      	MOVLW       78
0x066C	0x6FA1      	MOVWF       _ModoControle, 1
;Projeto2_SE.c,197 :: 		ModoControle[1] = 'o';
0x066E	0x0E6F      	MOVLW       111
0x0670	0x6FA2      	MOVWF       _ModoControle+1, 1
;Projeto2_SE.c,198 :: 		ModoControle[2] = '\0';
0x0672	0x6BA3      	CLRF        _ModoControle+2, 1
;Projeto2_SE.c,199 :: 		}
L_TypeMode27:
;Projeto2_SE.c,200 :: 		}
L_end_TypeMode:
0x0674	0x0012      	RETURN      0
; end of _TypeMode
_UART1_Data_Ready:
;__Lib_UART_c67.c,34 :: 		
;__Lib_UART_c67.c,35 :: 		
0x0676	0x0E00      	MOVLW       0
0x0678	0xBA9E      	BTFSC       PIR1, 5 
0x067A	0x0E01      	MOVLW       1
0x067C	0x6E00      	MOVWF       R0 
;__Lib_UART_c67.c,36 :: 		
L_end_UART1_Data_Ready:
0x067E	0x0012      	RETURN      0
; end of _UART1_Data_Ready
_main:
0x0680	0xF003ECF7  	CALL        2030, 0
;Projeto2_SE.c,210 :: 		void main()
;Projeto2_SE.c,212 :: 		int Mode=0;                                    // Mode => Verifica se estou no modo controle ou nao
0x0684	0x0100      	MOVLB       0
0x0686	0x6BBE      	CLRF        main_Mode_L0, 1
0x0688	0x6BBF      	CLRF        main_Mode_L0+1, 1
;Projeto2_SE.c,214 :: 		ConfigureTeclado();                            // Configuro as portas para o teclado matricial
0x068A	0xDF95      	RCALL       _ConfigureTeclado
;Projeto2_SE.c,216 :: 		ADCON1 = 0b00001110;                           // SELECIONA OS PINOS 1, 2 DO PORTA COMO ENTRADAS ANAL?GICAS (AN0, AN1)
0x068C	0x0E0E      	MOVLW       14
0x068E	0x6EC1      	MOVWF       ADCON1 
;Projeto2_SE.c,217 :: 		ADC_Init();                                    // INICIALIZA M?DULO ANALOGICO
0x0690	0xDF2F      	RCALL       _ADC_Init
;Projeto2_SE.c,218 :: 		CMCON = 0b00000111;                            // DESABILITA COMPARADORES INTERNOS
0x0692	0x0E07      	MOVLW       7
0x0694	0x6EB4      	MOVWF       CMCON 
;Projeto2_SE.c,220 :: 		TRISC.RC1 = 0;                                 //PORT C configurado como saida para o RX/TX
0x0696	0x9294      	BCF         TRISC, 1 
;Projeto2_SE.c,223 :: 		Lcd_Cmd(_LCD_CLEAR);                           // ENVIA O COMANDO DE LIMPAR TELA PARA O DISPLAY LCD
0x0698	0x0E01      	MOVLW       1
0x069A	0x6FC9      	MOVWF       FARG_Lcd_Cmd_out_char, 1
0x069C	0xDCD2      	RCALL       _Lcd_Cmd
;Projeto2_SE.c,224 :: 		Lcd_Cmd(_LCD_CURSOR_OFF);                      // ENVIA O COMANDO DE DESLIGAR CURSOR PARA O DISPLAY LCD
0x069E	0x0E0C      	MOVLW       12
0x06A0	0x6FC9      	MOVWF       FARG_Lcd_Cmd_out_char, 1
0x06A2	0xDCCF      	RCALL       _Lcd_Cmd
;Projeto2_SE.c,226 :: 		Lcd_Init();                                    // INICIALIZA LCD
0x06A4	0xDF34      	RCALL       _Lcd_Init
;Projeto2_SE.c,227 :: 		UART1_Init(38400);                             // Utiliza bibliotecas do compilador para configuração o Baud rate.
0x06A6	0x86B8      	BSF         BAUDCON, 3, 0
0x06A8	0x6AB0      	CLRF        SPBRGH 
0x06AA	0x0E33      	MOVLW       51
0x06AC	0x6EAF      	MOVWF       SPBRG 
0x06AE	0x84AC      	BSF         TXSTA, 2, 0
0x06B0	0xDF87      	RCALL       _UART1_Init
;Projeto2_SE.c,229 :: 		Lcd_Out(1,1,"Guidance:");                      // ESCREVE A MENSAGEM POT1 NA PRIMEIRA LINHA E PRIMEIRA COLUNA DO DISPLAY LCD
0x06B2	0x0E01      	MOVLW       1
0x06B4	0x6FC3      	MOVWF       FARG_Lcd_Out_row, 1
0x06B6	0x0E01      	MOVLW       1
0x06B8	0x6FC4      	MOVWF       FARG_Lcd_Out_column, 1
0x06BA	0x0E95      	MOVLW       ?lstr16_Projeto2_SE
0x06BC	0x6FC5      	MOVWF       FARG_Lcd_Out_text, 1
0x06BE	0x0E00      	MOVLW       hi_addr(?lstr16_Projeto2_SE)
0x06C0	0x6FC6      	MOVWF       FARG_Lcd_Out_text+1, 1
0x06C2	0xDD05      	RCALL       _Lcd_Out
;Projeto2_SE.c,230 :: 		Lcd_Out(2,1,"ControlM:");                      // ESCREVE A MENSAGEM POT2 NA PRIMEIRA LINHA E DECIMA PRIMEIRA COLUNA DO DISPLAY LCD
0x06C4	0x0E02      	MOVLW       2
0x06C6	0x6FC3      	MOVWF       FARG_Lcd_Out_row, 1
0x06C8	0x0E01      	MOVLW       1
0x06CA	0x6FC4      	MOVWF       FARG_Lcd_Out_column, 1
0x06CC	0x0E8B      	MOVLW       ?lstr17_Projeto2_SE
0x06CE	0x6FC5      	MOVWF       FARG_Lcd_Out_text, 1
0x06D0	0x0E00      	MOVLW       hi_addr(?lstr17_Projeto2_SE)
0x06D2	0x6FC6      	MOVWF       FARG_Lcd_Out_text+1, 1
0x06D4	0xDCFC      	RCALL       _Lcd_Out
;Projeto2_SE.c,231 :: 		TypeMode(Mode);                                // CONVERTE O VALOR DO TIPO INTEIRO OBTIDO PELO CONVERSOR AD NA PORTA AN1 PARA UMA STRING
0x06D6	0xF0C0C0BE  	MOVFF       main_Mode_L0, FARG_TypeMode_Obs
0x06DA	0xF0C1C0BF  	MOVFF       main_Mode_L0+1, FARG_TypeMode_Obs+1
0x06DE	0xDFB6      	RCALL       _TypeMode
;Projeto2_SE.c,232 :: 		Lcd_Out(2,10,ModoControle);                    // INICIALIZA MENSAGEM DO OBSTACULO NO LCD
0x06E0	0x0E02      	MOVLW       2
0x06E2	0x6FC3      	MOVWF       FARG_Lcd_Out_row, 1
0x06E4	0x0E0A      	MOVLW       10
0x06E6	0x6FC4      	MOVWF       FARG_Lcd_Out_column, 1
0x06E8	0x0EA1      	MOVLW       _ModoControle
0x06EA	0x6FC5      	MOVWF       FARG_Lcd_Out_text, 1
0x06EC	0x0E00      	MOVLW       hi_addr(_ModoControle)
0x06EE	0x6FC6      	MOVWF       FARG_Lcd_Out_text+1, 1
0x06F0	0xDCEE      	RCALL       _Lcd_Out
;Projeto2_SE.c,233 :: 		Lcd_Out_Cp("     ");                           // LIMPA LCD PARTINDO DA POSICAO 10
0x06F2	0x0E85      	MOVLW       ?lstr18_Projeto2_SE
0x06F4	0x6FC3      	MOVWF       FARG_Lcd_Out_CP_text, 1
0x06F6	0x0E00      	MOVLW       hi_addr(?lstr18_Projeto2_SE)
0x06F8	0x6FC4      	MOVWF       FARG_Lcd_Out_CP_text+1, 1
0x06FA	0xDD28      	RCALL       _Lcd_Out_CP
;Projeto2_SE.c,235 :: 		while(1)                                       // Deixo rodando indefinidamente
L_main28:
;Projeto2_SE.c,238 :: 		if( UART1_Data_Ready() )                    // Verifico se tem dado para receber
0x06FC	0xDFBC      	RCALL       _UART1_Data_Ready
0x06FE	0x5200      	MOVF        R0, 1 
0x0700	0xE02E      	BZ          L_main30
;Projeto2_SE.c,241 :: 		Mode = UART1_Read();                      // Lê o dado.
0x0702	0xDF8A      	RCALL       _UART1_Read
0x0704	0xF0BEC000  	MOVFF       R0, main_Mode_L0
0x0708	0x0E00      	MOVLW       0
0x070A	0x0100      	MOVLB       0
0x070C	0x6FBF      	MOVWF       main_Mode_L0+1, 1
;Projeto2_SE.c,242 :: 		Delay_ms(50);                             // Pausa de 100ms.
0x070E	0x0E82      	MOVLW       130
0x0710	0x6E0C      	MOVWF       R12, 0
0x0712	0x0EDD      	MOVLW       221
0x0714	0x6E0D      	MOVWF       R13, 0
L_main31:
0x0716	0x2E0D      	DECFSZ      R13, 1, 0
0x0718	0xD7FE      	BRA         L_main31
0x071A	0x2E0C      	DECFSZ      R12, 1, 0
0x071C	0xD7FC      	BRA         L_main31
0x071E	0x0000      	NOP
0x0720	0x0000      	NOP
;Projeto2_SE.c,243 :: 		if( Mode != ModeAnterior )
0x0722	0x51BF      	MOVF        main_Mode_L0+1, 0, 1
0x0724	0x187E      	XORWF       _ModeAnterior+1, 0 
0x0726	0xE102      	BNZ         L__main63
0x0728	0x507D      	MOVF        _ModeAnterior, 0 
0x072A	0x19BE      	XORWF       main_Mode_L0, 0, 1
L__main63:
0x072C	0xE018      	BZ          L_main32
;Projeto2_SE.c,245 :: 		ModeAnterior = Mode;                  // ATUALIZA FLAG DO OBSTACULO
0x072E	0xF07DC0BE  	MOVFF       main_Mode_L0, _ModeAnterior
0x0732	0xF07EC0BF  	MOVFF       main_Mode_L0+1, _ModeAnterior+1
;Projeto2_SE.c,246 :: 		Buzzer();                             // ATIVA BUZZER POR 1 SEGUNDO
0x0736	0xDF79      	RCALL       _Buzzer
;Projeto2_SE.c,247 :: 		TypeMode(Mode);                       // CONVERTE O VALOR DO TIPO INTEIRO OBTIDO PELO CONVERSOR AD NA PORTA AN1 PARA UMA STRING
0x0738	0xF0C0C0BE  	MOVFF       main_Mode_L0, FARG_TypeMode_Obs
0x073C	0xF0C1C0BF  	MOVFF       main_Mode_L0+1, FARG_TypeMode_Obs+1
0x0740	0xDF85      	RCALL       _TypeMode
;Projeto2_SE.c,248 :: 		Lcd_Out(2,10,ModoControle);           // GRAVA NOVA MENSAGEM NO LCD
0x0742	0x0E02      	MOVLW       2
0x0744	0x6FC3      	MOVWF       FARG_Lcd_Out_row, 1
0x0746	0x0E0A      	MOVLW       10
0x0748	0x6FC4      	MOVWF       FARG_Lcd_Out_column, 1
0x074A	0x0EA1      	MOVLW       _ModoControle
0x074C	0x6FC5      	MOVWF       FARG_Lcd_Out_text, 1
0x074E	0x0E00      	MOVLW       hi_addr(_ModoControle)
0x0750	0x6FC6      	MOVWF       FARG_Lcd_Out_text+1, 1
0x0752	0xDCBD      	RCALL       _Lcd_Out
;Projeto2_SE.c,249 :: 		Lcd_Out_Cp("     ");                  // LIMPA AS DEMAIS POSICOES
0x0754	0x0E77      	MOVLW       ?lstr19_Projeto2_SE
0x0756	0x6FC3      	MOVWF       FARG_Lcd_Out_CP_text, 1
0x0758	0x0E00      	MOVLW       hi_addr(?lstr19_Projeto2_SE)
0x075A	0x6FC4      	MOVWF       FARG_Lcd_Out_CP_text+1, 1
0x075C	0xDCF7      	RCALL       _Lcd_Out_CP
;Projeto2_SE.c,250 :: 		}
L_main32:
;Projeto2_SE.c,251 :: 		}
L_main30:
;Projeto2_SE.c,254 :: 		Comando = SetButtom();
0x075E	0xDE16      	RCALL       _SetButtom
;Projeto2_SE.c,255 :: 		}
0x0760	0xD7CD      	BRA         L_main28
;Projeto2_SE.c,256 :: 		}
L_end_main:
0x0762	0xD7FF      	BRA         $+0
; end of _main
0x07EE	0xF015EE10  	LFSR        1, 21
0x07F2	0x0E8A      	MOVLW       138
0x07F4	0x6E00      	MOVWF       R0 
0x07F6	0x0E01      	MOVLW       1
0x07F8	0x6E01      	MOVWF       R1 
0x07FA	0x0E64      	MOVLW       100
0x07FC	0x6EF6      	MOVWF       4086 
0x07FE	0x0E07      	MOVLW       7
0x0800	0x6EF7      	MOVWF       TBLPTRH 
0x0802	0x0E00      	MOVLW       0
0x0804	0x6EF8      	MOVWF       TBLPTRU 
0x0806	0xF002ECD3  	CALL        1446, 0
0x080A	0x0012      	RETURN      0
;Projeto2_SE.c,0 :: ?ICS?lstr9_Projeto2_SE
0x0764	0x2020 ;?ICS?lstr9_Projeto2_SE+0
0x0766	0x2020 ;?ICS?lstr9_Projeto2_SE+2
0x0768	0x0020 ;?ICS?lstr9_Projeto2_SE+4
; end of ?ICS?lstr9_Projeto2_SE
;Projeto2_SE.c,0 :: ?ICS?lstr8_Projeto2_SE
0x076A	0x7453 ;?ICS?lstr8_Projeto2_SE+0
0x076C	0x706F ;?ICS?lstr8_Projeto2_SE+2
0x076E	0x00 ;?ICS?lstr8_Projeto2_SE+4
; end of ?ICS?lstr8_Projeto2_SE
;Projeto2_SE.c,0 :: ?ICS?lstr7_Projeto2_SE
0x076F	0x2020 ;?ICS?lstr7_Projeto2_SE+0
0x0771	0x2020 ;?ICS?lstr7_Projeto2_SE+2
0x0773	0x2020 ;?ICS?lstr7_Projeto2_SE+4
0x0775	0x2020 ;?ICS?lstr7_Projeto2_SE+6
0x0777	0x0020 ;?ICS?lstr7_Projeto2_SE+8
; end of ?ICS?lstr7_Projeto2_SE
;Projeto2_SE.c,0 :: ?ICS?lstr10_Projeto2_SE
0x0779	0x2020 ;?ICS?lstr10_Projeto2_SE+0
0x077B	0x2020 ;?ICS?lstr10_Projeto2_SE+2
0x077D	0x2020 ;?ICS?lstr10_Projeto2_SE+4
0x077F	0x2020 ;?ICS?lstr10_Projeto2_SE+6
0x0781	0x0020 ;?ICS?lstr10_Projeto2_SE+8
; end of ?ICS?lstr10_Projeto2_SE
;Projeto2_SE.c,0 :: ?ICS?lstr13_Projeto2_SE
0x0783	0x2020 ;?ICS?lstr13_Projeto2_SE+0
0x0785	0x2020 ;?ICS?lstr13_Projeto2_SE+2
0x0787	0x2020 ;?ICS?lstr13_Projeto2_SE+4
0x0789	0x2020 ;?ICS?lstr13_Projeto2_SE+6
0x078B	0x0020 ;?ICS?lstr13_Projeto2_SE+8
; end of ?ICS?lstr13_Projeto2_SE
;Projeto2_SE.c,0 :: ?ICS?lstr12_Projeto2_SE
0x078D	0x2020 ;?ICS?lstr12_Projeto2_SE+0
0x078F	0x2020 ;?ICS?lstr12_Projeto2_SE+2
0x0791	0x0020 ;?ICS?lstr12_Projeto2_SE+4
; end of ?ICS?lstr12_Projeto2_SE
;Projeto2_SE.c,0 :: ?ICS?lstr11_Projeto2_SE
0x0793	0x7055 ;?ICS?lstr11_Projeto2_SE+0
0x0795	0x00 ;?ICS?lstr11_Projeto2_SE+2
; end of ?ICS?lstr11_Projeto2_SE
;Projeto2_SE.c,0 :: ?ICS?lstr6_Projeto2_SE
0x0796	0x2020 ;?ICS?lstr6_Projeto2_SE+0
0x0798	0x2020 ;?ICS?lstr6_Projeto2_SE+2
0x079A	0x0020 ;?ICS?lstr6_Projeto2_SE+4
; end of ?ICS?lstr6_Projeto2_SE
;Projeto2_SE.c,0 :: ?ICS?lstr1_Projeto2_SE
0x079C	0x2020 ;?ICS?lstr1_Projeto2_SE+0
0x079E	0x2020 ;?ICS?lstr1_Projeto2_SE+2
0x07A0	0x2020 ;?ICS?lstr1_Projeto2_SE+4
0x07A2	0x2020 ;?ICS?lstr1_Projeto2_SE+6
0x07A4	0x0020 ;?ICS?lstr1_Projeto2_SE+8
; end of ?ICS?lstr1_Projeto2_SE
;Projeto2_SE.c,0 :: ?ICS?lstr2_Projeto2_SE
0x07A6	0x654C ;?ICS?lstr2_Projeto2_SE+0
0x07A8	0x7466 ;?ICS?lstr2_Projeto2_SE+2
0x07AA	0x00 ;?ICS?lstr2_Projeto2_SE+4
; end of ?ICS?lstr2_Projeto2_SE
;Projeto2_SE.c,0 :: ?ICS?lstr5_Projeto2_SE
0x07AB	0x6F44 ;?ICS?lstr5_Projeto2_SE+0
0x07AD	0x6E77 ;?ICS?lstr5_Projeto2_SE+2
0x07AF	0x00 ;?ICS?lstr5_Projeto2_SE+4
; end of ?ICS?lstr5_Projeto2_SE
;Projeto2_SE.c,0 :: ?ICS?lstr4_Projeto2_SE
0x07B0	0x2020 ;?ICS?lstr4_Projeto2_SE+0
0x07B2	0x2020 ;?ICS?lstr4_Projeto2_SE+2
0x07B4	0x2020 ;?ICS?lstr4_Projeto2_SE+4
0x07B6	0x2020 ;?ICS?lstr4_Projeto2_SE+6
0x07B8	0x0020 ;?ICS?lstr4_Projeto2_SE+8
; end of ?ICS?lstr4_Projeto2_SE
;Projeto2_SE.c,0 :: ?ICS?lstr3_Projeto2_SE
0x07BA	0x2020 ;?ICS?lstr3_Projeto2_SE+0
0x07BC	0x2020 ;?ICS?lstr3_Projeto2_SE+2
0x07BE	0x0020 ;?ICS?lstr3_Projeto2_SE+4
; end of ?ICS?lstr3_Projeto2_SE
;Projeto2_SE.c,0 :: ?ICS?lstr14_Projeto2_SE
0x07C0	0x6952 ;?ICS?lstr14_Projeto2_SE+0
0x07C2	0x6867 ;?ICS?lstr14_Projeto2_SE+2
0x07C4	0x0074 ;?ICS?lstr14_Projeto2_SE+4
; end of ?ICS?lstr14_Projeto2_SE
;Projeto2_SE.c,0 :: ?ICS?lstr19_Projeto2_SE
0x07C6	0x2020 ;?ICS?lstr19_Projeto2_SE+0
0x07C8	0x2020 ;?ICS?lstr19_Projeto2_SE+2
0x07CA	0x0020 ;?ICS?lstr19_Projeto2_SE+4
; end of ?ICS?lstr19_Projeto2_SE
;Projeto2_SE.c,0 :: ?ICS_ModeAnterior
0x07CC	0x0001 ;?ICS_ModeAnterior+0
; end of ?ICS_ModeAnterior
;Projeto2_SE.c,0 :: ?ICS?lstr15_Projeto2_SE
0x07CE	0x2020 ;?ICS?lstr15_Projeto2_SE+0
0x07D0	0x2020 ;?ICS?lstr15_Projeto2_SE+2
0x07D2	0x0020 ;?ICS?lstr15_Projeto2_SE+4
; end of ?ICS?lstr15_Projeto2_SE
;Projeto2_SE.c,0 :: ?ICS?lstr18_Projeto2_SE
0x07D4	0x2020 ;?ICS?lstr18_Projeto2_SE+0
0x07D6	0x2020 ;?ICS?lstr18_Projeto2_SE+2
0x07D8	0x0020 ;?ICS?lstr18_Projeto2_SE+4
; end of ?ICS?lstr18_Projeto2_SE
;Projeto2_SE.c,0 :: ?ICS?lstr17_Projeto2_SE
0x07DA	0x6F43 ;?ICS?lstr17_Projeto2_SE+0
0x07DC	0x746E ;?ICS?lstr17_Projeto2_SE+2
0x07DE	0x6F72 ;?ICS?lstr17_Projeto2_SE+4
0x07E0	0x4D6C ;?ICS?lstr17_Projeto2_SE+6
0x07E2	0x003A ;?ICS?lstr17_Projeto2_SE+8
; end of ?ICS?lstr17_Projeto2_SE
;Projeto2_SE.c,0 :: ?ICS?lstr16_Projeto2_SE
0x07E4	0x7547 ;?ICS?lstr16_Projeto2_SE+0
0x07E6	0x6469 ;?ICS?lstr16_Projeto2_SE+2
0x07E8	0x6E61 ;?ICS?lstr16_Projeto2_SE+4
0x07EA	0x6563 ;?ICS?lstr16_Projeto2_SE+6
0x07EC	0x003A ;?ICS?lstr16_Projeto2_SE+8
; end of ?ICS?lstr16_Projeto2_SE
Symbol List:
//** Routines locations **
//ADDRESS    SIZE    PROCEDURE
//----------------------------------------------
0x001C      [22]    _Delay_5500us
0x0032       [6]    _Delay_1us
0x0038      [10]    _Delay_50us
0x0042     [126]    _Lcd_Cmd
0x00C0      [14]    _Lcd_Chr_CP
0x00CE     [126]    _Lcd_Out
0x014C      [44]    _Lcd_Out_CP
0x0178      [14]    _UART1_Write
0x0186     [518]    _SwitchCase
0x038C     [356]    _SetButtom
0x04F0      [30]    _ADC_Init
0x050E     [152]    _Lcd_Init
0x05A6      [16]    ___CC2DW
0x05B6      [10]    _ConfigureTeclado
0x05C0      [88]    _UART1_Init
0x0618      [18]    _UART1_Read
0x062A      [34]    _Buzzer
0x064C      [42]    _TypeMode
0x0676      [10]    _UART1_Data_Ready
0x0680     [228]    _main
//** Variables locations ** 
//ADDRESS    SIZE    VARIABLE
//----------------------------------------------
0x0000       [1]    __Lib_SoftI2C_PutZerosToLATSda_temp_sda_L0
0x0000       [1]    __Lib_SoftI2C_PutZerosToLATScl_temp_scl_L0
0x0000       [1]    SPI1_Write_tmp_L0
0x0000       [1]    EEPROM_Write_SaveINTCON_L0
0x0000       [1]    FLASH_Erase_64_SaveINTCON_L0
0x0000       [1]    R0
0x0000       [1]    UART1_Init_tmp_L0
0x0001       [1]    __Lib_PS2_Wait_Falling_nsample_L0
0x0001       [1]    UART1_Read___tmp_UART1_Read_L0
0x0001       [1]    R1
0x0001       [1]    __Lib_TFT_JPEG_FileReadBytes_Result_L0
0x0001       [1]    __Lib_TFT_JPEG_FileRead_i_L0
0x0001       [1]    FLASH_Write_32_i_L0
0x0001       [1]    __Lib_TFT_16bit_JPEG_FileRead_i_L0
0x0001       [2]    FLASH_Read_N_Bytes_i_L0
0x0001       [1]    FLASH_Erase_Write_64_i_L0
0x0001       [1]    I2C1_Rd_tmp_L0
0x0001       [1]    __Lib_TFT_16bit_JPEG_FileReadBytes_Result_L0
0x0001       [1]    ispunct_rslt_L0
0x0002       [2]    strlen_cp_L0
0x0002       [1]    FLASH_Write_32_SaveINTCON_L0
0x0002       [2]    memchr_s_L0
0x0002       [2]    memcpy_dd_L0
0x0002       [1]    R2
0x0002       [1]    FLASH_Erase_Write_64_j_L0
0x0002       [2]    memset_pp_L0
0x0003       [1]    FLASH_Erase_Write_64_SaveINTCON_L0
0x0003       [1]    R3
0x0003       [1]    MM_Init_i_L0
0x0003       [2]    __Lib_MmcFat16_f16_toInt_l_L0
0x0003       [2]    MM_TotalFreeMemSize_Tot_L0
0x0003       [2]    memmove_tt_L0
0x0003       [2]    Ltrim_original_L0
0x0004       [2]    frexp_pom_L0
0x0004       [2]    strncat_cp_L0
0x0004       [2]    memcpy_ss_L0
0x0004       [2]    strcat_cp_L0
0x0004       [2]    __Lib_MemManager_MM_GetMemAlign_P_L0
0x0004       [2]    strncpy_cp_L0
0x0004       [2]    strcpy_cp_L0
0x0004       [1]    R4
0x0005       [2]    LongWordToHex_input_half_L0
0x0005       [2]    LongIntToHex_input_half_L0
0x0005       [1]    MM_TotalFreeMemSize_i_L0
0x0005       [2]    memmove_ff_L0
0x0005       [2]    Ltrim_p_L0
0x0005       [1]    R5
0x0006       [1]    R6
0x0006       [1]    __Lib_MemManager_MM_GetMemAlign_i_L0
0x0007       [1]    __Lib_TFT_JPEG_GenerateHuffmanTables_bLength_L0
0x0007       [1]    R7
0x0007       [1]    __Lib_TFT_16bit_JPEG_GenerateHuffmanTables_bLength_L0
0x0008       [1]    __Lib_TFT_JPEG_GenerateHuffmanTables_bTable_L0
0x0008       [1]    R8
0x0008       [1]    __Lib_TFT_16bit_JPEG_GenerateHuffmanTables_bTable_L0
0x0009       [1]    R9
0x0009       [4]    __Lib_MmcFat16_f16_toLong_l_L0
0x000A       [1]    R10
0x000B       [1]    R11
0x000C       [1]    R12
0x000D       [1]    R13
0x000E       [1]    R14
0x000F       [1]    R15
0x0010       [1]    R16
0x0011       [1]    R17
0x0012       [1]    R18
0x0013       [1]    R19
0x0014       [1]    R20
0x0015       [6]    ?lstr9_Projeto2_SE
0x001B       [5]    ?lstr8_Projeto2_SE
0x0020      [10]    ?lstr7_Projeto2_SE
0x002A      [10]    ?lstr10_Projeto2_SE
0x0034      [10]    ?lstr13_Projeto2_SE
0x003E       [6]    ?lstr12_Projeto2_SE
0x0044       [3]    ?lstr11_Projeto2_SE
0x0047       [6]    ?lstr6_Projeto2_SE
0x004D      [10]    ?lstr1_Projeto2_SE
0x0057       [5]    ?lstr2_Projeto2_SE
0x005C       [5]    ?lstr5_Projeto2_SE
0x0061      [10]    ?lstr4_Projeto2_SE
0x006B       [6]    ?lstr3_Projeto2_SE
0x0071       [6]    ?lstr14_Projeto2_SE
0x0077       [6]    ?lstr19_Projeto2_SE
0x007D       [2]    _ModeAnterior
0x007F       [6]    ?lstr15_Projeto2_SE
0x0085       [6]    ?lstr18_Projeto2_SE
0x008B      [10]    ?lstr17_Projeto2_SE
0x0095      [10]    ?lstr16_Projeto2_SE
0x009F       [2]    _uiValor
0x00A1       [4]    _ModoControle
0x00A5       [0]    __Lib_Lcd_cmd_status
0x00A6       [4]    _ADC_Get_Sample_Ptr
0x00AA       [4]    _UART_Wr_Ptr
0x00AE       [4]    _UART_Tx_Idle_Ptr
0x00B2       [4]    _UART_Rdy_Ptr
0x00B6       [4]    _UART_Rd_Ptr
0x00BA       [2]    _uiTeclas
0x00BC       [1]    _ucTecla
0x00BD       [1]    _ucContador
0x00BE       [2]    main_Mode_L0
0x00C0       [2]    FARG_TypeMode_Obs
0x00C2       [1]    FARG_UART1_Write_data_
0x00C3       [1]    FARG_Lcd_Out_row
0x00C3       [2]    FARG_Lcd_Out_CP_text
0x00C4       [1]    FARG_Lcd_Out_column
0x00C5       [1]    Lcd_Out_CP_i_L0
0x00C5       [2]    FARG_Lcd_Out_text
0x00C7       [1]    Lcd_Out_i_L0
0x00C8       [1]    FARG_Lcd_Chr_CP_out_char
0x00C9       [1]    FARG_Lcd_Cmd_out_char
0x0F81       [1]    PORTB
0x0F82       [1]    PORTC
0x0F83       [1]    PORTD
0x0F83       [0]    RD6_bit
0x0F83       [0]    RD7_bit
0x0F83       [0]    RD4_bit
0x0F83       [0]    RD5_bit
0x0F83       [0]    LCD_D5
0x0F83       [0]    LCD_D6
0x0F83       [0]    LCD_D7
0x0F83       [0]    LCD_D4
0x0F84       [0]    RE1_bit
0x0F84       [0]    RE2_bit
0x0F84       [0]    LCD_RS
0x0F84       [0]    LCD_EN
0x0F93       [1]    TRISB
0x0F94       [0]    TRISC6_bit
0x0F94       [0]    TRISC7_bit
0x0F94       [1]    TRISC
0x0F95       [1]    TRISD
0x0F95       [0]    TRISD6_bit
0x0F95       [0]    LCD_D5_Direction
0x0F95       [0]    TRISD7_bit
0x0F95       [0]    LCD_D4_Direction
0x0F95       [0]    TRISD5_bit
0x0F95       [0]    LCD_D7_Direction
0x0F95       [0]    TRISD4_bit
0x0F95       [0]    LCD_D6_Direction
0x0F96       [0]    LCD_RS_Direction
0x0F96       [0]    LCD_EN_Direction
0x0F96       [0]    TRISE2_bit
0x0F96       [0]    TRISE1_bit
0x0F9E       [1]    PIR1
0x0FAB       [1]    RCSTA
0x0FAC       [1]    TXSTA
0x0FAD       [1]    TXREG
0x0FAE       [1]    RCREG
0x0FAF       [1]    SPBRG
0x0FB0       [1]    SPBRGH
0x0FB4       [1]    CMCON
0x0FB8       [1]    BAUDCON
0x0FC0       [1]    ADCON2
0x0FC1       [1]    ADCON1
0x0FC2       [1]    ADCON0
0x0FD8       [1]    STATUS
0x0FD9       [1]    FSR2L
0x0FDA       [1]    FSR2H
0x0FDE       [1]    POSTINC2
0x0FE0       [1]    BSR
0x0FE1       [1]    FSR1L
0x0FE2       [1]    FSR1H
0x0FE4       [1]    PREINC1
0x0FE6       [1]    POSTINC1
0x0FE7       [1]    INDF1
0x0FE8       [1]    WREG
0x0FE9       [1]    FSR0L
0x0FEA       [1]    FSR0H
0x0FEE       [1]    POSTINC0
0x0FF3       [1]    PRODL
0x0FF4       [1]    PRODH
0x0FF5       [1]    TABLAT
0x0FF6       [1]    TBLPTRL
0x0FF7       [1]    TBLPTRH
0x0FF8       [1]    TBLPTRU
//** Constants locations ** 
//ADDRESS    SIZE    CONSTANT
//----------------------------------------------
0x0764       [6]    ?ICS?lstr9_Projeto2_SE
0x076A       [5]    ?ICS?lstr8_Projeto2_SE
0x076F      [10]    ?ICS?lstr7_Projeto2_SE
0x0779      [10]    ?ICS?lstr10_Projeto2_SE
0x0783      [10]    ?ICS?lstr13_Projeto2_SE
0x078D       [6]    ?ICS?lstr12_Projeto2_SE
0x0793       [3]    ?ICS?lstr11_Projeto2_SE
0x0796       [6]    ?ICS?lstr6_Projeto2_SE
0x079C      [10]    ?ICS?lstr1_Projeto2_SE
0x07A6       [5]    ?ICS?lstr2_Projeto2_SE
0x07AB       [5]    ?ICS?lstr5_Projeto2_SE
0x07B0      [10]    ?ICS?lstr4_Projeto2_SE
0x07BA       [6]    ?ICS?lstr3_Projeto2_SE
0x07C0       [6]    ?ICS?lstr14_Projeto2_SE
0x07C6       [6]    ?ICS?lstr19_Projeto2_SE
0x07CC       [2]    ?ICS_ModeAnterior
0x07CE       [6]    ?ICS?lstr15_Projeto2_SE
0x07D4       [6]    ?ICS?lstr18_Projeto2_SE
0x07DA      [10]    ?ICS?lstr17_Projeto2_SE
0x07E4      [10]    ?ICS?lstr16_Projeto2_SE
//** Label List: ** 
//----------------------------------------------
  L_SwitchCase0
  L_SwitchCase1
  L_SwitchCase2
  L_SwitchCase3
  L_SwitchCase4
  L_SwitchCase5
  L_SwitchCase6
  L_SwitchCase7
  L_SwitchCase8
  L_SwitchCase9
  L_SwitchCase10
  L_SwitchCase11
  L_SwitchCase12
  L_SwitchCase13
  L_Buzzer14
  L_SetButtom15
  L_SetButtom16
  L_SetButtom17
  L_SetButtom18
  L_SetButtom19
  L_SetButtom20
  L_SetButtom21
  L_SetButtom22
  L_SetButtom23
  L_SetButtom24
  L_SetButtom25
  L_TypeMode26
  L_TypeMode27
  L_main28
  L_main29
  L_main30
  L_main31
  L_main32
  L__SetButtom33
  L_end_SwitchCase
  _SwitchCase
  L__SwitchCase35
  L__SwitchCase36
  L__SwitchCase37
  L__SwitchCase38
  L__SwitchCase39
  L__SwitchCase40
  L__SwitchCase41
  L__SwitchCase42
  L__SwitchCase43
  L__SwitchCase44
  L__SwitchCase45
  L__SwitchCase46
  L_end_Buzzer
  _Buzzer
  L_end_SetButtom
  _SetButtom
  L__SetButtom49
  L__SetButtom50
  L__SetButtom51
  L__SetButtom52
  L__SetButtom53
  L__SetButtom54
  L__SetButtom55
  L__SetButtom56
  L__SetButtom57
  L__SetButtom58
  L_end_TypeMode
  _TypeMode
  L__TypeMode60
  L_end_ConfigureTeclado
  _ConfigureTeclado
  L_end_main
  _main
  L__main63
  L_ADC_Get_Sample0
  L_ADC_Get_Sample1
  L_ADC_Read2
  L_ADC_Read3
  L_end_ADC_Init
  _ADC_Init
  L_end_ADC_Get_Sample
  _ADC_Get_Sample
  L_end_ADC_Read
  _ADC_Read
  L_Delay_10us0
  L_Delay_22us1
  L_Delay_50us2
  L_Delay_80us3
  L_Delay_500us4
  L_Delay_5500us5
  L_Delay_1ms6
  L_Delay_5ms7
  L_Delay_8ms8
  L_Delay_100ms9
  L_Delay_10ms10
  L_Delay_1sec11
  L____Boot_Delay4k12
  L____Boot_Delay8k13
  L____Boot_Delay12k14
  L____Boot_Delay16k15
  L____Boot_Delay24k16
  L____Boot_Delay32k17
  L____Boot_Delay48k18
  L____Boot_Delay64k19
  L____Boot_Delay128k20
  L_Delay_Cyc21
  L_Delay_Cyc22
  L_VDelay_ms23
  L_VDelay_ms24
  L_VDelay_ms25
  L_VDelay_Advanced_ms26
  L_VDelay_Advanced_ms27
  L_VDelay_Advanced_ms28
  L_end_Get_Fosc_kHz
  _Get_Fosc_kHz
  L_end_Delay_1us
  _Delay_1us
  L_end_Delay_10us
  _Delay_10us
  L_end_Delay_22us
  _Delay_22us
  L_end_Delay_50us
  _Delay_50us
  L_end_Delay_80us
  _Delay_80us
  L_end_Delay_500us
  _Delay_500us
  L_end_Delay_5500us
  _Delay_5500us
  L_end_Delay_1ms
  _Delay_1ms
  L_end_Delay_5ms
  _Delay_5ms
  L_end_Delay_8ms
  _Delay_8ms
  L_end_Delay_100ms
  _Delay_100ms
  L_end_Delay_10ms
  _Delay_10ms
  L_end_Delay_1sec
  _Delay_1sec
  L_end____Boot_Delay4k
  ____Boot_Delay4k
  L_end____Boot_Delay8k
  ____Boot_Delay8k
  L_end____Boot_Delay12k
  ____Boot_Delay12k
  L_end____Boot_Delay16k
  ____Boot_Delay16k
  L_end____Boot_Delay24k
  ____Boot_Delay24k
  L_end____Boot_Delay32k
  ____Boot_Delay32k
  L_end____Boot_Delay48k
  ____Boot_Delay48k
  L_end____Boot_Delay64k
  ____Boot_Delay64k
  L_end____Boot_Delay128k
  ____Boot_Delay128k
  L_end_Delay_Cyc
  _Delay_Cyc
  L_end_VDelay_ms
  _VDelay_ms
  L__VDelay_ms54
  L__VDelay_ms55
  L__VDelay_ms56
  L_end_VDelay_Advanced_ms
  _VDelay_Advanced_ms
  L__VDelay_Advanced_ms58
  L__VDelay_Advanced_ms59
  L__VDelay_Advanced_ms60
  L_Lcd_Cmd0
  L_Lcd_Cmd1
  L_Lcd_Out_CP2
  L_Lcd_Out_CP3
  L_Lcd_Chr4
  L_Lcd_Chr5
  L_Lcd_Chr6
  L_Lcd_Chr7
  L_Lcd_Chr8
  L_Lcd_Chr9
  L_Lcd_Chr10
  L_Lcd_Out11
  L_Lcd_Out12
  L_Lcd_Out13
  L_Lcd_Out14
  L_Lcd_Out15
  L_Lcd_Out16
  L_Lcd_Out17
  L_Lcd_Out18
  L_Lcd_Out19
  L_end_Lcd_Cmd
  _Lcd_Cmd
  L__Lcd_Cmd21
  L__Lcd_Cmd22
  L__Lcd_Cmd23
  L__Lcd_Cmd24
  L__Lcd_Cmd25
  L__Lcd_Cmd26
  L__Lcd_Cmd27
  L__Lcd_Cmd28
  L__Lcd_Cmd29
  L__Lcd_Cmd30
  L__Lcd_Cmd31
  L__Lcd_Cmd32
  L__Lcd_Cmd33
  L__Lcd_Cmd34
  L__Lcd_Cmd35
  L__Lcd_Cmd36
  L__Lcd_Cmd37
  L__Lcd_Cmd38
  L__Lcd_Cmd39
  L__Lcd_Cmd40
  L_end_Lcd_Chr_CP
  _Lcd_Chr_CP
  L_end_Lcd_Out_CP
  _Lcd_Out_CP
  L_end_Lcd_Chr
  _Lcd_Chr
  L_end_Lcd_Init
  _Lcd_Init
  L_end_Lcd_Out
  _Lcd_Out
  _CC2D_Loop1
  _CC2DL_Loop1
  L_loopCA2AWs
  L_loopCCA2AWs
  L_loopCS2Ss
  L_CS2Send
  L_loopCCS2Ss
  L_CCS2Send
  L_loopFZinSWs
  L_longjmp7
  L_end___CC2D
  ___CC2D
  L_end___CC2DW
  ___CC2DW
  L_end___CA2AW
  ___CA2AW
  L_end___CCA2AW
  ___CCA2AW
  L_end___CS2S
  ___CS2S
  L_end___CCS2S
  ___CCS2S
  L_end___FZinS
  ___FZinS
  L_end_____DoIFC
  _____DoIFC
  L_end_Swap
  _Swap
  L_end_setjmp
  _setjmp
  L_end_longjmp
  _longjmp
  L_UART1_Init0
  L_UART1_Init1
  L_UART1_Read2
  L_UART1_Write3
  L_UART1_Write4
  L_UART1_Write_Text5
  L_UART1_Write_Text6
  L_UART1_Read_Text7
  L_UART1_Read_Text8
  L_UART1_Read_Text9
  L_UART1_Read_Text10
  L_UART1_Read_Text11
  L_UART1_Read_Text12
  L_UART1_Read_Text13
  L_UART1_Read_Text14
  L_UART1_Read_Text15
  L_UART_Write_Text16
  L_UART_Write_Text17
  L_UART_Read_Text18
  L_UART_Read_Text19
  L_UART_Read_Text20
  L_UART_Read_Text21
  L_UART_Read_Text22
  L_UART_Read_Text23
  L_UART_Read_Text24
  L_UART_Read_Text25
  L_UART_Read_Text26
  L_end_UART1_Init
  _UART1_Init
  L_end_UART1_Data_Ready
  _UART1_Data_Ready
  L_end_UART1_Read
  _UART1_Read
  L_end_UART1_Tx_Idle
  _UART1_Tx_Idle
  L_end_UART1_Write
  _UART1_Write
  L_end_UART1_Write_Text
  _UART1_Write_Text
  L_end_UART1_Read_Text
  _UART1_Read_Text
  L_end_UART_Set_Active
  _UART_Set_Active
  L_end_UART_Write
  _UART_Write
  L_end_UART_Write_Text
  _UART_Write_Text
  L_end_UART_Read
  _UART_Read
  L_end_UART_Data_Ready
  _UART_Data_Ready
  L_end_UART_Read_Text
  _UART_Read_Text
  L_end_UART_Tx_Idle
  _UART_Tx_Idle
